ARM GAS  C:\Users\Marcin\AppData\Local\Temp\ccbzaoh9.s 			page 1


   1              		.cpu cortex-m3
   2              		.eabi_attribute 20, 1
   3              		.eabi_attribute 21, 1
   4              		.eabi_attribute 23, 3
   5              		.eabi_attribute 24, 1
   6              		.eabi_attribute 25, 1
   7              		.eabi_attribute 26, 1
   8              		.eabi_attribute 30, 1
   9              		.eabi_attribute 34, 1
  10              		.eabi_attribute 18, 4
  11              		.file	"main.c"
  12              		.text
  13              	.Ltext0:
  14              		.cfi_sections	.debug_frame
  15              		.section	.text.SystemClock_Config,"ax",%progbits
  16              		.align	1
  17              		.global	SystemClock_Config
  18              		.arch armv7-m
  19              		.syntax unified
  20              		.thumb
  21              		.thumb_func
  22              		.fpu softvfp
  24              	SystemClock_Config:
  25              	.LFB67:
  26              		.file 1 "Src/main.c"
   1:Src/main.c    **** 
   2:Src/main.c    **** /**
   3:Src/main.c    ****   ******************************************************************************
   4:Src/main.c    ****   * @file           : main.c
   5:Src/main.c    ****   * @brief          : Main program body
   6:Src/main.c    ****   ******************************************************************************
   7:Src/main.c    ****   ** This notice applies to any and all portions of this file
   8:Src/main.c    ****   * that are not between comment pairs USER CODE BEGIN and
   9:Src/main.c    ****   * USER CODE END. Other portions of this file, whether 
  10:Src/main.c    ****   * inserted by the user or by software development tools
  11:Src/main.c    ****   * are owned by their respective copyright owners.
  12:Src/main.c    ****   *
  13:Src/main.c    ****   * COPYRIGHT(c) 2020 STMicroelectronics
  14:Src/main.c    ****   *
  15:Src/main.c    ****   * Redistribution and use in source and binary forms, with or without modification,
  16:Src/main.c    ****   * are permitted provided that the following conditions are met:
  17:Src/main.c    ****   *   1. Redistributions of source code must retain the above copyright notice,
  18:Src/main.c    ****   *      this list of conditions and the following disclaimer.
  19:Src/main.c    ****   *   2. Redistributions in binary form must reproduce the above copyright notice,
  20:Src/main.c    ****   *      this list of conditions and the following disclaimer in the documentation
  21:Src/main.c    ****   *      and/or other materials provided with the distribution.
  22:Src/main.c    ****   *   3. Neither the name of STMicroelectronics nor the names of its contributors
  23:Src/main.c    ****   *      may be used to endorse or promote products derived from this software
  24:Src/main.c    ****   *      without specific prior written permission.
  25:Src/main.c    ****   *
  26:Src/main.c    ****   * THIS SOFTWARE IS PROVIDED BY THE COPYRIGHT HOLDERS AND CONTRIBUTORS "AS IS"
  27:Src/main.c    ****   * AND ANY EXPRESS OR IMPLIED WARRANTIES, INCLUDING, BUT NOT LIMITED TO, THE
  28:Src/main.c    ****   * IMPLIED WARRANTIES OF MERCHANTABILITY AND FITNESS FOR A PARTICULAR PURPOSE ARE
  29:Src/main.c    ****   * DISCLAIMED. IN NO EVENT SHALL THE COPYRIGHT HOLDER OR CONTRIBUTORS BE LIABLE
  30:Src/main.c    ****   * FOR ANY DIRECT, INDIRECT, INCIDENTAL, SPECIAL, EXEMPLARY, OR CONSEQUENTIAL
  31:Src/main.c    ****   * DAMAGES (INCLUDING, BUT NOT LIMITED TO, PROCUREMENT OF SUBSTITUTE GOODS OR
  32:Src/main.c    ****   * SERVICES; LOSS OF USE, DATA, OR PROFITS; OR BUSINESS INTERRUPTION) HOWEVER
ARM GAS  C:\Users\Marcin\AppData\Local\Temp\ccbzaoh9.s 			page 2


  33:Src/main.c    ****   * CAUSED AND ON ANY THEORY OF LIABILITY, WHETHER IN CONTRACT, STRICT LIABILITY,
  34:Src/main.c    ****   * OR TORT (INCLUDING NEGLIGENCE OR OTHERWISE) ARISING IN ANY WAY OUT OF THE USE
  35:Src/main.c    ****   * OF THIS SOFTWARE, EVEN IF ADVISED OF THE POSSIBILITY OF SUCH DAMAGE.
  36:Src/main.c    ****   *
  37:Src/main.c    ****   ******************************************************************************
  38:Src/main.c    ****   */
  39:Src/main.c    **** /* Includes ------------------------------------------------------------------*/
  40:Src/main.c    **** #include "main.h"
  41:Src/main.c    **** #include "stm32f1xx_hal.h"
  42:Src/main.c    **** #include "rtc.h"
  43:Src/main.c    **** #include "tim.h"
  44:Src/main.c    **** #include "gpio.h"
  45:Src/main.c    **** 
  46:Src/main.c    **** /* USER CODE BEGIN Includes */
  47:Src/main.c    **** #include "stm32_tm1637.h"
  48:Src/main.c    **** #include "game.h"
  49:Src/main.c    **** #include "menu.h"
  50:Src/main.c    **** #include "mode.h"
  51:Src/main.c    **** /* USER CODE END Includes */
  52:Src/main.c    **** 
  53:Src/main.c    **** /* Private variables ---------------------------------------------------------*/
  54:Src/main.c    **** 
  55:Src/main.c    **** /* USER CODE BEGIN PV */
  56:Src/main.c    **** /* Private variables ---------------------------------------------------------*/
  57:Src/main.c    **** 
  58:Src/main.c    **** 
  59:Src/main.c    **** /* USER CODE END PV */
  60:Src/main.c    **** 
  61:Src/main.c    **** /* Private function prototypes -----------------------------------------------*/
  62:Src/main.c    **** void SystemClock_Config(void);
  63:Src/main.c    **** 
  64:Src/main.c    **** /* USER CODE BEGIN PFP */
  65:Src/main.c    **** /* Private function prototypes -----------------------------------------------*/
  66:Src/main.c    **** 
  67:Src/main.c    **** /* USER CODE END PFP */
  68:Src/main.c    **** 
  69:Src/main.c    **** /* USER CODE BEGIN 0 */
  70:Src/main.c    **** 
  71:Src/main.c    **** /* USER CODE END 0 */
  72:Src/main.c    **** 
  73:Src/main.c    **** /**
  74:Src/main.c    ****   * @brief  The application entry point.
  75:Src/main.c    ****   *
  76:Src/main.c    ****   * @retval None
  77:Src/main.c    ****   */
  78:Src/main.c    **** int main(void)
  79:Src/main.c    **** {
  80:Src/main.c    ****   /* USER CODE BEGIN 1 */
  81:Src/main.c    **** 
  82:Src/main.c    ****   /* USER CODE END 1 */
  83:Src/main.c    **** 
  84:Src/main.c    ****   /* MCU Configuration----------------------------------------------------------*/
  85:Src/main.c    **** 
  86:Src/main.c    ****   /* Reset of all peripherals, Initializes the Flash interface and the Systick. */
  87:Src/main.c    ****   HAL_Init();
  88:Src/main.c    **** 
  89:Src/main.c    ****   /* USER CODE BEGIN Init */
ARM GAS  C:\Users\Marcin\AppData\Local\Temp\ccbzaoh9.s 			page 3


  90:Src/main.c    **** 
  91:Src/main.c    ****   /* USER CODE END Init */
  92:Src/main.c    **** 
  93:Src/main.c    ****   /* Configure the system clock */
  94:Src/main.c    ****   SystemClock_Config();
  95:Src/main.c    **** 
  96:Src/main.c    ****   /* USER CODE BEGIN SysInit */
  97:Src/main.c    **** 
  98:Src/main.c    ****   /* USER CODE END SysInit */
  99:Src/main.c    **** 
 100:Src/main.c    ****   /* Initialize all configured peripherals */
 101:Src/main.c    ****   MX_GPIO_Init();
 102:Src/main.c    ****   MX_RTC_Init();
 103:Src/main.c    ****   MX_TIM1_Init();
 104:Src/main.c    ****   /* USER CODE BEGIN 2 */
 105:Src/main.c    ****   
 106:Src/main.c    ****   tm1637Init(display[0]); //Player 1
 107:Src/main.c    ****   tm1637Init(display[1]); //Player 2
 108:Src/main.c    **** 
 109:Src/main.c    ****   if (mode == MENU) menuInit(&menu);
 110:Src/main.c    ****   if (mode == GAME) gameInit(&game);
 111:Src/main.c    ****   /* USER CODE END 2 */
 112:Src/main.c    **** 
 113:Src/main.c    ****   /* Infinite loop */
 114:Src/main.c    ****   /* USER CODE BEGIN WHILE */
 115:Src/main.c    ****   while (1)
 116:Src/main.c    ****   { 
 117:Src/main.c    **** 
 118:Src/main.c    ****   }
 119:Src/main.c    **** 
 120:Src/main.c    ****   /* USER CODE END WHILE */
 121:Src/main.c    **** 
 122:Src/main.c    ****   /* USER CODE BEGIN 3 */
 123:Src/main.c    ****  
 124:Src/main.c    ****   /* USER CODE END 3 */
 125:Src/main.c    **** 
 126:Src/main.c    **** }
 127:Src/main.c    **** 
 128:Src/main.c    **** /**
 129:Src/main.c    ****   * @brief System Clock Configuration
 130:Src/main.c    ****   * @retval None
 131:Src/main.c    ****   */
 132:Src/main.c    **** void SystemClock_Config(void)
 133:Src/main.c    **** {
  27              		.loc 1 133 1 view -0
  28              		.cfi_startproc
  29              		@ args = 0, pretend = 0, frame = 80
  30              		@ frame_needed = 0, uses_anonymous_args = 0
  31 0000 30B5     		push	{r4, r5, lr}
  32              	.LCFI0:
  33              		.cfi_def_cfa_offset 12
  34              		.cfi_offset 4, -12
  35              		.cfi_offset 5, -8
  36              		.cfi_offset 14, -4
  37 0002 95B0     		sub	sp, sp, #84
  38              	.LCFI1:
  39              		.cfi_def_cfa_offset 96
ARM GAS  C:\Users\Marcin\AppData\Local\Temp\ccbzaoh9.s 			page 4


 134:Src/main.c    **** 
 135:Src/main.c    ****   RCC_OscInitTypeDef RCC_OscInitStruct;
  40              		.loc 1 135 3 view .LVU1
 136:Src/main.c    ****   RCC_ClkInitTypeDef RCC_ClkInitStruct;
  41              		.loc 1 136 3 view .LVU2
 137:Src/main.c    ****   RCC_PeriphCLKInitTypeDef PeriphClkInit;
  42              		.loc 1 137 3 view .LVU3
 138:Src/main.c    **** 
 139:Src/main.c    ****     /**Initializes the CPU, AHB and APB busses clocks 
 140:Src/main.c    ****     */
 141:Src/main.c    ****   RCC_OscInitStruct.OscillatorType = RCC_OSCILLATORTYPE_HSI|RCC_OSCILLATORTYPE_LSE;
  43              		.loc 1 141 3 view .LVU4
  44              		.loc 1 141 36 is_stmt 0 view .LVU5
  45 0004 0623     		movs	r3, #6
  46 0006 0A93     		str	r3, [sp, #40]
 142:Src/main.c    ****   RCC_OscInitStruct.LSEState = RCC_LSE_ON;
  47              		.loc 1 142 3 is_stmt 1 view .LVU6
  48              		.loc 1 142 30 is_stmt 0 view .LVU7
  49 0008 0125     		movs	r5, #1
  50 000a 0D95     		str	r5, [sp, #52]
 143:Src/main.c    ****   RCC_OscInitStruct.HSIState = RCC_HSI_ON;
  51              		.loc 1 143 3 is_stmt 1 view .LVU8
  52              		.loc 1 143 30 is_stmt 0 view .LVU9
  53 000c 0E95     		str	r5, [sp, #56]
 144:Src/main.c    ****   RCC_OscInitStruct.HSICalibrationValue = 16;
  54              		.loc 1 144 3 is_stmt 1 view .LVU10
  55              		.loc 1 144 41 is_stmt 0 view .LVU11
  56 000e 1023     		movs	r3, #16
  57 0010 0F93     		str	r3, [sp, #60]
 145:Src/main.c    ****   RCC_OscInitStruct.PLL.PLLState = RCC_PLL_NONE;
  58              		.loc 1 145 3 is_stmt 1 view .LVU12
  59              		.loc 1 145 34 is_stmt 0 view .LVU13
  60 0012 0024     		movs	r4, #0
  61 0014 1194     		str	r4, [sp, #68]
 146:Src/main.c    ****   if (HAL_RCC_OscConfig(&RCC_OscInitStruct) != HAL_OK)
  62              		.loc 1 146 3 is_stmt 1 view .LVU14
  63              		.loc 1 146 7 is_stmt 0 view .LVU15
  64 0016 0AA8     		add	r0, sp, #40
  65 0018 FFF7FEFF 		bl	HAL_RCC_OscConfig
  66              	.LVL0:
 147:Src/main.c    ****   {
 148:Src/main.c    ****     _Error_Handler(__FILE__, __LINE__);
 149:Src/main.c    ****   }
 150:Src/main.c    **** 
 151:Src/main.c    ****     /**Initializes the CPU, AHB and APB busses clocks 
 152:Src/main.c    ****     */
 153:Src/main.c    ****   RCC_ClkInitStruct.ClockType = RCC_CLOCKTYPE_HCLK|RCC_CLOCKTYPE_SYSCLK
  67              		.loc 1 153 3 is_stmt 1 view .LVU16
  68              		.loc 1 153 31 is_stmt 0 view .LVU17
  69 001c 0F23     		movs	r3, #15
  70 001e 0593     		str	r3, [sp, #20]
 154:Src/main.c    ****                               |RCC_CLOCKTYPE_PCLK1|RCC_CLOCKTYPE_PCLK2;
 155:Src/main.c    ****   RCC_ClkInitStruct.SYSCLKSource = RCC_SYSCLKSOURCE_HSI;
  71              		.loc 1 155 3 is_stmt 1 view .LVU18
  72              		.loc 1 155 34 is_stmt 0 view .LVU19
  73 0020 0694     		str	r4, [sp, #24]
 156:Src/main.c    ****   RCC_ClkInitStruct.AHBCLKDivider = RCC_SYSCLK_DIV1;
ARM GAS  C:\Users\Marcin\AppData\Local\Temp\ccbzaoh9.s 			page 5


  74              		.loc 1 156 3 is_stmt 1 view .LVU20
  75              		.loc 1 156 35 is_stmt 0 view .LVU21
  76 0022 0794     		str	r4, [sp, #28]
 157:Src/main.c    ****   RCC_ClkInitStruct.APB1CLKDivider = RCC_HCLK_DIV1;
  77              		.loc 1 157 3 is_stmt 1 view .LVU22
  78              		.loc 1 157 36 is_stmt 0 view .LVU23
  79 0024 0894     		str	r4, [sp, #32]
 158:Src/main.c    ****   RCC_ClkInitStruct.APB2CLKDivider = RCC_HCLK_DIV1;
  80              		.loc 1 158 3 is_stmt 1 view .LVU24
  81              		.loc 1 158 36 is_stmt 0 view .LVU25
  82 0026 0994     		str	r4, [sp, #36]
 159:Src/main.c    **** 
 160:Src/main.c    ****   if (HAL_RCC_ClockConfig(&RCC_ClkInitStruct, FLASH_LATENCY_0) != HAL_OK)
  83              		.loc 1 160 3 is_stmt 1 view .LVU26
  84              		.loc 1 160 7 is_stmt 0 view .LVU27
  85 0028 2146     		mov	r1, r4
  86 002a 05A8     		add	r0, sp, #20
  87 002c FFF7FEFF 		bl	HAL_RCC_ClockConfig
  88              	.LVL1:
 161:Src/main.c    ****   {
 162:Src/main.c    ****     _Error_Handler(__FILE__, __LINE__);
 163:Src/main.c    ****   }
 164:Src/main.c    **** 
 165:Src/main.c    ****   PeriphClkInit.PeriphClockSelection = RCC_PERIPHCLK_RTC;
  89              		.loc 1 165 3 is_stmt 1 view .LVU28
  90              		.loc 1 165 38 is_stmt 0 view .LVU29
  91 0030 0195     		str	r5, [sp, #4]
 166:Src/main.c    ****   PeriphClkInit.RTCClockSelection = RCC_RTCCLKSOURCE_LSE;
  92              		.loc 1 166 3 is_stmt 1 view .LVU30
  93              		.loc 1 166 35 is_stmt 0 view .LVU31
  94 0032 4FF48073 		mov	r3, #256
  95 0036 0293     		str	r3, [sp, #8]
 167:Src/main.c    ****   if (HAL_RCCEx_PeriphCLKConfig(&PeriphClkInit) != HAL_OK)
  96              		.loc 1 167 3 is_stmt 1 view .LVU32
  97              		.loc 1 167 7 is_stmt 0 view .LVU33
  98 0038 01A8     		add	r0, sp, #4
  99 003a FFF7FEFF 		bl	HAL_RCCEx_PeriphCLKConfig
 100              	.LVL2:
 168:Src/main.c    ****   {
 169:Src/main.c    ****     _Error_Handler(__FILE__, __LINE__);
 170:Src/main.c    ****   }
 171:Src/main.c    **** 
 172:Src/main.c    ****     /**Configure the Systick interrupt time 
 173:Src/main.c    ****     */
 174:Src/main.c    ****   HAL_SYSTICK_Config(HAL_RCC_GetHCLKFreq()/1000);
 101              		.loc 1 174 3 is_stmt 1 view .LVU34
 102              		.loc 1 174 22 is_stmt 0 view .LVU35
 103 003e FFF7FEFF 		bl	HAL_RCC_GetHCLKFreq
 104              	.LVL3:
 105              		.loc 1 174 3 view .LVU36
 106 0042 084B     		ldr	r3, .L3
 107 0044 A3FB0030 		umull	r3, r0, r3, r0
 108 0048 8009     		lsrs	r0, r0, #6
 109 004a FFF7FEFF 		bl	HAL_SYSTICK_Config
 110              	.LVL4:
 175:Src/main.c    **** 
 176:Src/main.c    ****     /**Configure the Systick 
ARM GAS  C:\Users\Marcin\AppData\Local\Temp\ccbzaoh9.s 			page 6


 177:Src/main.c    ****     */
 178:Src/main.c    ****   HAL_SYSTICK_CLKSourceConfig(SYSTICK_CLKSOURCE_HCLK);
 111              		.loc 1 178 3 is_stmt 1 view .LVU37
 112 004e 0420     		movs	r0, #4
 113 0050 FFF7FEFF 		bl	HAL_SYSTICK_CLKSourceConfig
 114              	.LVL5:
 179:Src/main.c    **** 
 180:Src/main.c    ****   /* SysTick_IRQn interrupt configuration */
 181:Src/main.c    ****   HAL_NVIC_SetPriority(SysTick_IRQn, 0, 0);
 115              		.loc 1 181 3 view .LVU38
 116 0054 2246     		mov	r2, r4
 117 0056 2146     		mov	r1, r4
 118 0058 4FF0FF30 		mov	r0, #-1
 119 005c FFF7FEFF 		bl	HAL_NVIC_SetPriority
 120              	.LVL6:
 182:Src/main.c    **** }
 121              		.loc 1 182 1 is_stmt 0 view .LVU39
 122 0060 15B0     		add	sp, sp, #84
 123              	.LCFI2:
 124              		.cfi_def_cfa_offset 12
 125              		@ sp needed
 126 0062 30BD     		pop	{r4, r5, pc}
 127              	.L4:
 128              		.align	2
 129              	.L3:
 130 0064 D34D6210 		.word	274877907
 131              		.cfi_endproc
 132              	.LFE67:
 134              		.section	.text.main,"ax",%progbits
 135              		.align	1
 136              		.global	main
 137              		.syntax unified
 138              		.thumb
 139              		.thumb_func
 140              		.fpu softvfp
 142              	main:
 143              	.LFB66:
  79:Src/main.c    ****   /* USER CODE BEGIN 1 */
 144              		.loc 1 79 1 is_stmt 1 view -0
 145              		.cfi_startproc
 146              		@ Volatile: function does not return.
 147              		@ args = 0, pretend = 0, frame = 0
 148              		@ frame_needed = 0, uses_anonymous_args = 0
 149 0000 08B5     		push	{r3, lr}
 150              	.LCFI3:
 151              		.cfi_def_cfa_offset 8
 152              		.cfi_offset 3, -8
 153              		.cfi_offset 14, -4
  87:Src/main.c    **** 
 154              		.loc 1 87 3 view .LVU41
 155 0002 FFF7FEFF 		bl	HAL_Init
 156              	.LVL7:
  94:Src/main.c    **** 
 157              		.loc 1 94 3 view .LVU42
 158 0006 FFF7FEFF 		bl	SystemClock_Config
 159              	.LVL8:
 101:Src/main.c    ****   MX_RTC_Init();
ARM GAS  C:\Users\Marcin\AppData\Local\Temp\ccbzaoh9.s 			page 7


 160              		.loc 1 101 3 view .LVU43
 161 000a FFF7FEFF 		bl	MX_GPIO_Init
 162              	.LVL9:
 102:Src/main.c    ****   MX_TIM1_Init();
 163              		.loc 1 102 3 view .LVU44
 164 000e FFF7FEFF 		bl	MX_RTC_Init
 165              	.LVL10:
 103:Src/main.c    ****   /* USER CODE BEGIN 2 */
 166              		.loc 1 103 3 view .LVU45
 167 0012 FFF7FEFF 		bl	MX_TIM1_Init
 168              	.LVL11:
 106:Src/main.c    ****   tm1637Init(display[1]); //Player 2
 169              		.loc 1 106 3 view .LVU46
 170 0016 0D4C     		ldr	r4, .L11
 171 0018 94E80F00 		ldm	r4, {r0, r1, r2, r3}
 172 001c FFF7FEFF 		bl	tm1637Init
 173              	.LVL12:
 107:Src/main.c    **** 
 174              		.loc 1 107 3 view .LVU47
 175 0020 1034     		adds	r4, r4, #16
 176 0022 94E80F00 		ldm	r4, {r0, r1, r2, r3}
 177 0026 FFF7FEFF 		bl	tm1637Init
 178              	.LVL13:
 109:Src/main.c    ****   if (mode == GAME) gameInit(&game);
 179              		.loc 1 109 3 view .LVU48
 109:Src/main.c    ****   if (mode == GAME) gameInit(&game);
 180              		.loc 1 109 12 is_stmt 0 view .LVU49
 181 002a 094B     		ldr	r3, .L11+4
 182 002c 1B78     		ldrb	r3, [r3]	@ zero_extendqisi2
 109:Src/main.c    ****   if (mode == GAME) gameInit(&game);
 183              		.loc 1 109 6 view .LVU50
 184 002e 23B1     		cbz	r3, .L9
 185              	.L6:
 110:Src/main.c    ****   /* USER CODE END 2 */
 186              		.loc 1 110 3 is_stmt 1 view .LVU51
 110:Src/main.c    ****   /* USER CODE END 2 */
 187              		.loc 1 110 12 is_stmt 0 view .LVU52
 188 0030 074B     		ldr	r3, .L11+4
 189 0032 1B78     		ldrb	r3, [r3]	@ zero_extendqisi2
 110:Src/main.c    ****   /* USER CODE END 2 */
 190              		.loc 1 110 6 view .LVU53
 191 0034 012B     		cmp	r3, #1
 192 0036 04D0     		beq	.L10
 193              	.L7:
 115:Src/main.c    ****   { 
 194              		.loc 1 115 3 is_stmt 1 discriminator 1 view .LVU54
 118:Src/main.c    **** 
 195              		.loc 1 118 3 discriminator 1 view .LVU55
 115:Src/main.c    ****   { 
 196              		.loc 1 115 9 discriminator 1 view .LVU56
 197 0038 FEE7     		b	.L7
 198              	.L9:
 109:Src/main.c    ****   if (mode == GAME) gameInit(&game);
 199              		.loc 1 109 21 discriminator 1 view .LVU57
 200 003a 0648     		ldr	r0, .L11+8
 201 003c FFF7FEFF 		bl	menuInit
 202              	.LVL14:
ARM GAS  C:\Users\Marcin\AppData\Local\Temp\ccbzaoh9.s 			page 8


 203 0040 F6E7     		b	.L6
 204              	.L10:
 110:Src/main.c    ****   /* USER CODE END 2 */
 205              		.loc 1 110 21 discriminator 1 view .LVU58
 206 0042 0548     		ldr	r0, .L11+12
 207 0044 FFF7FEFF 		bl	gameInit
 208              	.LVL15:
 209 0048 F6E7     		b	.L7
 210              	.L12:
 211 004a 00BF     		.align	2
 212              	.L11:
 213 004c 00000000 		.word	display
 214 0050 00000000 		.word	mode
 215 0054 00000000 		.word	menu
 216 0058 00000000 		.word	game
 217              		.cfi_endproc
 218              	.LFE66:
 220              		.section	.text.HAL_GPIO_EXTI_Callback,"ax",%progbits
 221              		.align	1
 222              		.global	HAL_GPIO_EXTI_Callback
 223              		.syntax unified
 224              		.thumb
 225              		.thumb_func
 226              		.fpu softvfp
 228              	HAL_GPIO_EXTI_Callback:
 229              	.LVL16:
 230              	.LFB68:
 183:Src/main.c    **** 
 184:Src/main.c    **** /* USER CODE BEGIN 4 */
 185:Src/main.c    **** 
 186:Src/main.c    ****   void HAL_GPIO_EXTI_Callback(uint16_t GPIO_Pin) {
 231              		.loc 1 186 50 view -0
 232              		.cfi_startproc
 233              		@ args = 0, pretend = 0, frame = 0
 234              		@ frame_needed = 0, uses_anonymous_args = 0
 235              		.loc 1 186 50 is_stmt 0 view .LVU60
 236 0000 10B5     		push	{r4, lr}
 237              	.LCFI4:
 238              		.cfi_def_cfa_offset 8
 239              		.cfi_offset 4, -8
 240              		.cfi_offset 14, -4
 241 0002 0446     		mov	r4, r0
 187:Src/main.c    ****     //Before side-switch trigger
 188:Src/main.c    ****     if (GPIO_Pin == SIDE_KEY_Pin) {
 242              		.loc 1 188 5 is_stmt 1 view .LVU61
 243              		.loc 1 188 8 is_stmt 0 view .LVU62
 244 0004 8028     		cmp	r0, #128
 245 0006 05D0     		beq	.L24
 246              	.LVL17:
 247              	.L14:
 189:Src/main.c    ****       switch (mode)
 190:Src/main.c    ****       {
 191:Src/main.c    ****         case GAME:
 192:Src/main.c    ****           switchCurrentPlayer(&game);
 193:Src/main.c    ****           break;
 194:Src/main.c    ****         
 195:Src/main.c    ****         default:
ARM GAS  C:\Users\Marcin\AppData\Local\Temp\ccbzaoh9.s 			page 9


 196:Src/main.c    ****           break;
 197:Src/main.c    ****       }
 198:Src/main.c    ****     }
 199:Src/main.c    **** 
 200:Src/main.c    ****     //Before press button 1
 201:Src/main.c    ****     if (GPIO_Pin == START_KEY_Pin) {
 248              		.loc 1 201 5 is_stmt 1 view .LVU63
 249              		.loc 1 201 8 is_stmt 0 view .LVU64
 250 0008 B4F5005F 		cmp	r4, #8192
 251 000c 0AD0     		beq	.L25
 252              	.L15:
 202:Src/main.c    ****       switch (mode)
 203:Src/main.c    ****       {
 204:Src/main.c    ****         case MENU:
 205:Src/main.c    ****           setMenuOption(&menu);
 206:Src/main.c    ****           break;
 207:Src/main.c    **** 
 208:Src/main.c    ****         case GAME:
 209:Src/main.c    ****           switchGameState(&game); 
 210:Src/main.c    ****           break;
 211:Src/main.c    **** 
 212:Src/main.c    ****         default:
 213:Src/main.c    ****           break;
 214:Src/main.c    ****       } 
 215:Src/main.c    ****     }
 216:Src/main.c    **** 
 217:Src/main.c    ****     if (GPIO_Pin == MODE_KEY_Pin) {
 253              		.loc 1 217 5 is_stmt 1 view .LVU65
 254              		.loc 1 217 8 is_stmt 0 view .LVU66
 255 000e 402C     		cmp	r4, #64
 256 0010 15D0     		beq	.L26
 257              	.L13:
 218:Src/main.c    ****       switch (mode)
 219:Src/main.c    ****       {
 220:Src/main.c    ****         case MENU:
 221:Src/main.c    ****           nextMenuOption(&menu);
 222:Src/main.c    ****           break;
 223:Src/main.c    **** 
 224:Src/main.c    ****         case GAME:
 225:Src/main.c    ****           switch (game.state)
 226:Src/main.c    ****           {
 227:Src/main.c    ****             case PAUSED:
 228:Src/main.c    ****               //Restart game
 229:Src/main.c    ****               gameInit(&game);
 230:Src/main.c    ****             break;
 231:Src/main.c    **** 
 232:Src/main.c    ****             case ENDED:
 233:Src/main.c    ****               //Restart game
 234:Src/main.c    ****               gameInit(&game);
 235:Src/main.c    ****             break;
 236:Src/main.c    ****             
 237:Src/main.c    ****             default:
 238:Src/main.c    ****             break;
 239:Src/main.c    ****           }
 240:Src/main.c    ****           break;
 241:Src/main.c    **** 
 242:Src/main.c    ****         default:
ARM GAS  C:\Users\Marcin\AppData\Local\Temp\ccbzaoh9.s 			page 10


 243:Src/main.c    ****           break;
 244:Src/main.c    ****       } 
 245:Src/main.c    ****     }    
 246:Src/main.c    ****   }
 258              		.loc 1 246 3 view .LVU67
 259 0012 10BD     		pop	{r4, pc}
 260              	.LVL18:
 261              	.L24:
 189:Src/main.c    ****       {
 262              		.loc 1 189 7 is_stmt 1 view .LVU68
 263 0014 164B     		ldr	r3, .L27
 264 0016 1B78     		ldrb	r3, [r3]	@ zero_extendqisi2
 265 0018 012B     		cmp	r3, #1
 266 001a F5D1     		bne	.L14
 192:Src/main.c    ****           break;
 267              		.loc 1 192 11 view .LVU69
 268 001c 1548     		ldr	r0, .L27+4
 269              	.LVL19:
 192:Src/main.c    ****           break;
 270              		.loc 1 192 11 is_stmt 0 view .LVU70
 271 001e FFF7FEFF 		bl	switchCurrentPlayer
 272              	.LVL20:
 193:Src/main.c    ****         
 273              		.loc 1 193 11 is_stmt 1 view .LVU71
 274 0022 F1E7     		b	.L14
 275              	.L25:
 202:Src/main.c    ****       {
 276              		.loc 1 202 7 view .LVU72
 277 0024 124B     		ldr	r3, .L27
 278 0026 1B78     		ldrb	r3, [r3]	@ zero_extendqisi2
 279 0028 2BB1     		cbz	r3, .L16
 280 002a 012B     		cmp	r3, #1
 281 002c EFD1     		bne	.L15
 209:Src/main.c    ****           break;
 282              		.loc 1 209 11 view .LVU73
 283 002e 1148     		ldr	r0, .L27+4
 284 0030 FFF7FEFF 		bl	switchGameState
 285              	.LVL21:
 210:Src/main.c    **** 
 286              		.loc 1 210 11 view .LVU74
 287 0034 EBE7     		b	.L15
 288              	.L16:
 205:Src/main.c    ****           break;
 289              		.loc 1 205 11 view .LVU75
 290 0036 1048     		ldr	r0, .L27+8
 291 0038 FFF7FEFF 		bl	setMenuOption
 292              	.LVL22:
 206:Src/main.c    **** 
 293              		.loc 1 206 11 view .LVU76
 294 003c E7E7     		b	.L15
 295              	.L26:
 218:Src/main.c    ****       {
 296              		.loc 1 218 7 view .LVU77
 297 003e 0C4B     		ldr	r3, .L27
 298 0040 1B78     		ldrb	r3, [r3]	@ zero_extendqisi2
 299 0042 63B1     		cbz	r3, .L19
 300 0044 012B     		cmp	r3, #1
ARM GAS  C:\Users\Marcin\AppData\Local\Temp\ccbzaoh9.s 			page 11


 301 0046 E4D1     		bne	.L13
 225:Src/main.c    ****           {
 302              		.loc 1 225 11 view .LVU78
 225:Src/main.c    ****           {
 303              		.loc 1 225 23 is_stmt 0 view .LVU79
 304 0048 0A4B     		ldr	r3, .L27+4
 305 004a 1B78     		ldrb	r3, [r3]	@ zero_extendqisi2
 306 004c DBB2     		uxtb	r3, r3
 307 004e 022B     		cmp	r3, #2
 308 0050 09D0     		beq	.L21
 309 0052 032B     		cmp	r3, #3
 310 0054 DDD1     		bne	.L13
 234:Src/main.c    ****             break;
 311              		.loc 1 234 15 is_stmt 1 view .LVU80
 312 0056 0748     		ldr	r0, .L27+4
 313 0058 FFF7FEFF 		bl	gameInit
 314              	.LVL23:
 235:Src/main.c    ****             
 315              		.loc 1 235 13 view .LVU81
 316              		.loc 1 246 3 is_stmt 0 view .LVU82
 317 005c D9E7     		b	.L13
 318              	.L19:
 221:Src/main.c    ****           break;
 319              		.loc 1 221 11 is_stmt 1 view .LVU83
 320 005e 0648     		ldr	r0, .L27+8
 321 0060 FFF7FEFF 		bl	nextMenuOption
 322              	.LVL24:
 222:Src/main.c    **** 
 323              		.loc 1 222 11 view .LVU84
 324 0064 D5E7     		b	.L13
 325              	.L21:
 229:Src/main.c    ****             break;
 326              		.loc 1 229 15 view .LVU85
 327 0066 0348     		ldr	r0, .L27+4
 328 0068 FFF7FEFF 		bl	gameInit
 329              	.LVL25:
 230:Src/main.c    **** 
 330              		.loc 1 230 13 view .LVU86
 331 006c D1E7     		b	.L13
 332              	.L28:
 333 006e 00BF     		.align	2
 334              	.L27:
 335 0070 00000000 		.word	mode
 336 0074 00000000 		.word	game
 337 0078 00000000 		.word	menu
 338              		.cfi_endproc
 339              	.LFE68:
 341              		.section	.text.HAL_TIM_PeriodElapsedCallback,"ax",%progbits
 342              		.align	1
 343              		.global	HAL_TIM_PeriodElapsedCallback
 344              		.syntax unified
 345              		.thumb
 346              		.thumb_func
 347              		.fpu softvfp
 349              	HAL_TIM_PeriodElapsedCallback:
 350              	.LVL26:
 351              	.LFB69:
ARM GAS  C:\Users\Marcin\AppData\Local\Temp\ccbzaoh9.s 			page 12


 247:Src/main.c    **** 
 248:Src/main.c    ****   void HAL_TIM_PeriodElapsedCallback(TIM_HandleTypeDef *htim) {
 352              		.loc 1 248 63 view -0
 353              		.cfi_startproc
 354              		@ args = 0, pretend = 0, frame = 0
 355              		@ frame_needed = 0, uses_anonymous_args = 0
 356              		.loc 1 248 63 is_stmt 0 view .LVU88
 357 0000 08B5     		push	{r3, lr}
 358              	.LCFI5:
 359              		.cfi_def_cfa_offset 8
 360              		.cfi_offset 3, -8
 361              		.cfi_offset 14, -4
 249:Src/main.c    **** 
 250:Src/main.c    ****     if(htim->Instance == TIM1) {
 362              		.loc 1 250 5 is_stmt 1 view .LVU89
 363              		.loc 1 250 12 is_stmt 0 view .LVU90
 364 0002 0268     		ldr	r2, [r0]
 365              		.loc 1 250 7 view .LVU91
 366 0004 034B     		ldr	r3, .L33
 367 0006 9A42     		cmp	r2, r3
 368 0008 00D0     		beq	.L32
 369              	.LVL27:
 370              	.L29:
 251:Src/main.c    ****       decrementTimeForActivePlayer(&game);
 252:Src/main.c    ****     }
 253:Src/main.c    **** 
 254:Src/main.c    ****   }
 371              		.loc 1 254 3 view .LVU92
 372 000a 08BD     		pop	{r3, pc}
 373              	.LVL28:
 374              	.L32:
 251:Src/main.c    ****       decrementTimeForActivePlayer(&game);
 375              		.loc 1 251 7 is_stmt 1 view .LVU93
 376 000c 0248     		ldr	r0, .L33+4
 377              	.LVL29:
 251:Src/main.c    ****       decrementTimeForActivePlayer(&game);
 378              		.loc 1 251 7 is_stmt 0 view .LVU94
 379 000e FFF7FEFF 		bl	decrementTimeForActivePlayer
 380              	.LVL30:
 381              		.loc 1 254 3 view .LVU95
 382 0012 FAE7     		b	.L29
 383              	.L34:
 384              		.align	2
 385              	.L33:
 386 0014 002C0140 		.word	1073818624
 387 0018 00000000 		.word	game
 388              		.cfi_endproc
 389              	.LFE69:
 391              		.section	.text._Error_Handler,"ax",%progbits
 392              		.align	1
 393              		.global	_Error_Handler
 394              		.syntax unified
 395              		.thumb
 396              		.thumb_func
 397              		.fpu softvfp
 399              	_Error_Handler:
 400              	.LVL31:
ARM GAS  C:\Users\Marcin\AppData\Local\Temp\ccbzaoh9.s 			page 13


 401              	.LFB70:
 255:Src/main.c    **** /* USER CODE END 4 */
 256:Src/main.c    **** 
 257:Src/main.c    **** /**
 258:Src/main.c    ****   * @brief  This function is executed in case of error occurrence.
 259:Src/main.c    ****   * @param  file: The file name as string.
 260:Src/main.c    ****   * @param  line: The line in file as a number.
 261:Src/main.c    ****   * @retval None
 262:Src/main.c    ****   */
 263:Src/main.c    **** void _Error_Handler(char *file, int line)
 264:Src/main.c    **** {
 402              		.loc 1 264 1 is_stmt 1 view -0
 403              		.cfi_startproc
 404              		@ args = 0, pretend = 0, frame = 0
 405              		@ frame_needed = 0, uses_anonymous_args = 0
 406              		@ link register save eliminated.
 265:Src/main.c    ****   /* USER CODE BEGIN Error_Handler_Debug */
 266:Src/main.c    ****   /* User can add his own implementation to report the HAL error return state */
 267:Src/main.c    ****   /* USER CODE END Error_Handler_Debug */
 268:Src/main.c    **** }
 407              		.loc 1 268 1 view .LVU97
 408 0000 7047     		bx	lr
 409              		.cfi_endproc
 410              	.LFE70:
 412              		.comm	mode,1,1
 413              		.comm	menu,4,4
 414              		.comm	game,9,4
 415              		.comm	display,32,4
 416              		.text
 417              	.Letext0:
 418              		.file 2 "g:\\program files (x86)\\gnu tools arm embedded\\9 2019-q4-major\\arm-none-eabi\\include\
 419              		.file 3 "g:\\program files (x86)\\gnu tools arm embedded\\9 2019-q4-major\\arm-none-eabi\\include\
 420              		.file 4 "Drivers/CMSIS/Include/core_cm3.h"
 421              		.file 5 "Drivers/CMSIS/Device/ST/STM32F1xx/Include/system_stm32f1xx.h"
 422              		.file 6 "Drivers/CMSIS/Device/ST/STM32F1xx/Include/stm32f103xb.h"
 423              		.file 7 "g:\\program files (x86)\\gnu tools arm embedded\\9 2019-q4-major\\arm-none-eabi\\include\
 424              		.file 8 "g:\\program files (x86)\\gnu tools arm embedded\\9 2019-q4-major\\arm-none-eabi\\include\
 425              		.file 9 "g:\\program files (x86)\\gnu tools arm embedded\\9 2019-q4-major\\lib\\gcc\\arm-none-eabi
 426              		.file 10 "g:\\program files (x86)\\gnu tools arm embedded\\9 2019-q4-major\\arm-none-eabi\\include
 427              		.file 11 "Drivers/STM32F1xx_HAL_Driver/Inc/stm32f1xx_hal_def.h"
 428              		.file 12 "Drivers/STM32F1xx_HAL_Driver/Inc/stm32f1xx_hal_rcc.h"
 429              		.file 13 "Drivers/STM32F1xx_HAL_Driver/Inc/stm32f1xx_hal_rcc_ex.h"
 430              		.file 14 "Drivers/STM32F1xx_HAL_Driver/Inc/stm32f1xx_hal_dma.h"
 431              		.file 15 "Drivers/STM32F1xx_HAL_Driver/Inc/stm32f1xx_hal_rtc.h"
 432              		.file 16 "Drivers/STM32F1xx_HAL_Driver/Inc/stm32f1xx_hal_tim.h"
 433              		.file 17 "Inc/rtc.h"
 434              		.file 18 "Inc/tim.h"
 435              		.file 19 "Inc/stm32_tm1637.h"
 436              		.file 20 "Inc/game.h"
 437              		.file 21 "Inc/menu.h"
 438              		.file 22 "Inc/mode.h"
 439              		.file 23 "Drivers/STM32F1xx_HAL_Driver/Inc/stm32f1xx_hal_cortex.h"
 440              		.file 24 "Drivers/STM32F1xx_HAL_Driver/Inc/stm32f1xx_hal.h"
 441              		.file 25 "Inc/gpio.h"
ARM GAS  C:\Users\Marcin\AppData\Local\Temp\ccbzaoh9.s 			page 14


DEFINED SYMBOLS
                            *ABS*:00000000 main.c
C:\Users\Marcin\AppData\Local\Temp\ccbzaoh9.s:16     .text.SystemClock_Config:00000000 $t
C:\Users\Marcin\AppData\Local\Temp\ccbzaoh9.s:24     .text.SystemClock_Config:00000000 SystemClock_Config
C:\Users\Marcin\AppData\Local\Temp\ccbzaoh9.s:130    .text.SystemClock_Config:00000064 $d
C:\Users\Marcin\AppData\Local\Temp\ccbzaoh9.s:135    .text.main:00000000 $t
C:\Users\Marcin\AppData\Local\Temp\ccbzaoh9.s:142    .text.main:00000000 main
C:\Users\Marcin\AppData\Local\Temp\ccbzaoh9.s:213    .text.main:0000004c $d
                            *COM*:00000020 display
                            *COM*:00000001 mode
                            *COM*:00000004 menu
                            *COM*:00000009 game
C:\Users\Marcin\AppData\Local\Temp\ccbzaoh9.s:221    .text.HAL_GPIO_EXTI_Callback:00000000 $t
C:\Users\Marcin\AppData\Local\Temp\ccbzaoh9.s:228    .text.HAL_GPIO_EXTI_Callback:00000000 HAL_GPIO_EXTI_Callback
C:\Users\Marcin\AppData\Local\Temp\ccbzaoh9.s:335    .text.HAL_GPIO_EXTI_Callback:00000070 $d
C:\Users\Marcin\AppData\Local\Temp\ccbzaoh9.s:342    .text.HAL_TIM_PeriodElapsedCallback:00000000 $t
C:\Users\Marcin\AppData\Local\Temp\ccbzaoh9.s:349    .text.HAL_TIM_PeriodElapsedCallback:00000000 HAL_TIM_PeriodElapsedCallback
C:\Users\Marcin\AppData\Local\Temp\ccbzaoh9.s:386    .text.HAL_TIM_PeriodElapsedCallback:00000014 $d
C:\Users\Marcin\AppData\Local\Temp\ccbzaoh9.s:392    .text._Error_Handler:00000000 $t
C:\Users\Marcin\AppData\Local\Temp\ccbzaoh9.s:399    .text._Error_Handler:00000000 _Error_Handler

UNDEFINED SYMBOLS
HAL_RCC_OscConfig
HAL_RCC_ClockConfig
HAL_RCCEx_PeriphCLKConfig
HAL_RCC_GetHCLKFreq
HAL_SYSTICK_Config
HAL_SYSTICK_CLKSourceConfig
HAL_NVIC_SetPriority
HAL_Init
MX_GPIO_Init
MX_RTC_Init
MX_TIM1_Init
tm1637Init
menuInit
gameInit
switchCurrentPlayer
switchGameState
setMenuOption
nextMenuOption
decrementTimeForActivePlayer
