ARM GAS  C:\Users\Marcin\AppData\Local\Temp\ccg3FQ8d.s 			page 1


   1              		.cpu cortex-m3
   2              		.eabi_attribute 20, 1
   3              		.eabi_attribute 21, 1
   4              		.eabi_attribute 23, 3
   5              		.eabi_attribute 24, 1
   6              		.eabi_attribute 25, 1
   7              		.eabi_attribute 26, 1
   8              		.eabi_attribute 30, 1
   9              		.eabi_attribute 34, 1
  10              		.eabi_attribute 18, 4
  11              		.file	"stm32f1xx_hal_msp.c"
  12              		.text
  13              	.Ltext0:
  14              		.cfi_sections	.debug_frame
  15              		.section	.text.HAL_MspInit,"ax",%progbits
  16              		.align	1
  17              		.global	HAL_MspInit
  18              		.arch armv7-m
  19              		.syntax unified
  20              		.thumb
  21              		.thumb_func
  22              		.fpu softvfp
  24              	HAL_MspInit:
  25              	.LFB66:
  26              		.file 1 "Src/stm32f1xx_hal_msp.c"
   1:Src/stm32f1xx_hal_msp.c **** /**
   2:Src/stm32f1xx_hal_msp.c ****   ******************************************************************************
   3:Src/stm32f1xx_hal_msp.c ****   * File Name          : stm32f1xx_hal_msp.c
   4:Src/stm32f1xx_hal_msp.c ****   * Description        : This file provides code for the MSP Initialization 
   5:Src/stm32f1xx_hal_msp.c ****   *                      and de-Initialization codes.
   6:Src/stm32f1xx_hal_msp.c ****   ******************************************************************************
   7:Src/stm32f1xx_hal_msp.c ****   ** This notice applies to any and all portions of this file
   8:Src/stm32f1xx_hal_msp.c ****   * that are not between comment pairs USER CODE BEGIN and
   9:Src/stm32f1xx_hal_msp.c ****   * USER CODE END. Other portions of this file, whether 
  10:Src/stm32f1xx_hal_msp.c ****   * inserted by the user or by software development tools
  11:Src/stm32f1xx_hal_msp.c ****   * are owned by their respective copyright owners.
  12:Src/stm32f1xx_hal_msp.c ****   *
  13:Src/stm32f1xx_hal_msp.c ****   * COPYRIGHT(c) 2020 STMicroelectronics
  14:Src/stm32f1xx_hal_msp.c ****   *
  15:Src/stm32f1xx_hal_msp.c ****   * Redistribution and use in source and binary forms, with or without modification,
  16:Src/stm32f1xx_hal_msp.c ****   * are permitted provided that the following conditions are met:
  17:Src/stm32f1xx_hal_msp.c ****   *   1. Redistributions of source code must retain the above copyright notice,
  18:Src/stm32f1xx_hal_msp.c ****   *      this list of conditions and the following disclaimer.
  19:Src/stm32f1xx_hal_msp.c ****   *   2. Redistributions in binary form must reproduce the above copyright notice,
  20:Src/stm32f1xx_hal_msp.c ****   *      this list of conditions and the following disclaimer in the documentation
  21:Src/stm32f1xx_hal_msp.c ****   *      and/or other materials provided with the distribution.
  22:Src/stm32f1xx_hal_msp.c ****   *   3. Neither the name of STMicroelectronics nor the names of its contributors
  23:Src/stm32f1xx_hal_msp.c ****   *      may be used to endorse or promote products derived from this software
  24:Src/stm32f1xx_hal_msp.c ****   *      without specific prior written permission.
  25:Src/stm32f1xx_hal_msp.c ****   *
  26:Src/stm32f1xx_hal_msp.c ****   * THIS SOFTWARE IS PROVIDED BY THE COPYRIGHT HOLDERS AND CONTRIBUTORS "AS IS"
  27:Src/stm32f1xx_hal_msp.c ****   * AND ANY EXPRESS OR IMPLIED WARRANTIES, INCLUDING, BUT NOT LIMITED TO, THE
  28:Src/stm32f1xx_hal_msp.c ****   * IMPLIED WARRANTIES OF MERCHANTABILITY AND FITNESS FOR A PARTICULAR PURPOSE ARE
  29:Src/stm32f1xx_hal_msp.c ****   * DISCLAIMED. IN NO EVENT SHALL THE COPYRIGHT HOLDER OR CONTRIBUTORS BE LIABLE
  30:Src/stm32f1xx_hal_msp.c ****   * FOR ANY DIRECT, INDIRECT, INCIDENTAL, SPECIAL, EXEMPLARY, OR CONSEQUENTIAL
  31:Src/stm32f1xx_hal_msp.c ****   * DAMAGES (INCLUDING, BUT NOT LIMITED TO, PROCUREMENT OF SUBSTITUTE GOODS OR
  32:Src/stm32f1xx_hal_msp.c ****   * SERVICES; LOSS OF USE, DATA, OR PROFITS; OR BUSINESS INTERRUPTION) HOWEVER
ARM GAS  C:\Users\Marcin\AppData\Local\Temp\ccg3FQ8d.s 			page 2


  33:Src/stm32f1xx_hal_msp.c ****   * CAUSED AND ON ANY THEORY OF LIABILITY, WHETHER IN CONTRACT, STRICT LIABILITY,
  34:Src/stm32f1xx_hal_msp.c ****   * OR TORT (INCLUDING NEGLIGENCE OR OTHERWISE) ARISING IN ANY WAY OUT OF THE USE
  35:Src/stm32f1xx_hal_msp.c ****   * OF THIS SOFTWARE, EVEN IF ADVISED OF THE POSSIBILITY OF SUCH DAMAGE.
  36:Src/stm32f1xx_hal_msp.c ****   *
  37:Src/stm32f1xx_hal_msp.c ****   ******************************************************************************
  38:Src/stm32f1xx_hal_msp.c ****   */
  39:Src/stm32f1xx_hal_msp.c **** /* Includes ------------------------------------------------------------------*/
  40:Src/stm32f1xx_hal_msp.c **** #include "stm32f1xx_hal.h"
  41:Src/stm32f1xx_hal_msp.c **** extern void _Error_Handler(char *, int);
  42:Src/stm32f1xx_hal_msp.c **** /* USER CODE BEGIN 0 */
  43:Src/stm32f1xx_hal_msp.c **** 
  44:Src/stm32f1xx_hal_msp.c **** /* USER CODE END 0 */
  45:Src/stm32f1xx_hal_msp.c **** /**
  46:Src/stm32f1xx_hal_msp.c ****   * Initializes the Global MSP.
  47:Src/stm32f1xx_hal_msp.c ****   */
  48:Src/stm32f1xx_hal_msp.c **** void HAL_MspInit(void)
  49:Src/stm32f1xx_hal_msp.c **** {
  27              		.loc 1 49 1 view -0
  28              		.cfi_startproc
  29              		@ args = 0, pretend = 0, frame = 8
  30              		@ frame_needed = 0, uses_anonymous_args = 0
  31 0000 00B5     		push	{lr}
  32              	.LCFI0:
  33              		.cfi_def_cfa_offset 4
  34              		.cfi_offset 14, -4
  35 0002 83B0     		sub	sp, sp, #12
  36              	.LCFI1:
  37              		.cfi_def_cfa_offset 16
  50:Src/stm32f1xx_hal_msp.c ****   /* USER CODE BEGIN MspInit 0 */
  51:Src/stm32f1xx_hal_msp.c **** 
  52:Src/stm32f1xx_hal_msp.c ****   /* USER CODE END MspInit 0 */
  53:Src/stm32f1xx_hal_msp.c **** 
  54:Src/stm32f1xx_hal_msp.c ****   __HAL_RCC_AFIO_CLK_ENABLE();
  38              		.loc 1 54 3 view .LVU1
  39              	.LBB2:
  40              		.loc 1 54 3 view .LVU2
  41              		.loc 1 54 3 view .LVU3
  42 0004 244B     		ldr	r3, .L3
  43 0006 9A69     		ldr	r2, [r3, #24]
  44 0008 42F00102 		orr	r2, r2, #1
  45 000c 9A61     		str	r2, [r3, #24]
  46              		.loc 1 54 3 view .LVU4
  47 000e 9A69     		ldr	r2, [r3, #24]
  48 0010 02F00102 		and	r2, r2, #1
  49 0014 0092     		str	r2, [sp]
  50              		.loc 1 54 3 view .LVU5
  51 0016 009A     		ldr	r2, [sp]
  52              	.LBE2:
  53              		.loc 1 54 3 view .LVU6
  55:Src/stm32f1xx_hal_msp.c ****   __HAL_RCC_PWR_CLK_ENABLE();
  54              		.loc 1 55 3 view .LVU7
  55              	.LBB3:
  56              		.loc 1 55 3 view .LVU8
  57              		.loc 1 55 3 view .LVU9
  58 0018 DA69     		ldr	r2, [r3, #28]
  59 001a 42F08052 		orr	r2, r2, #268435456
  60 001e DA61     		str	r2, [r3, #28]
ARM GAS  C:\Users\Marcin\AppData\Local\Temp\ccg3FQ8d.s 			page 3


  61              		.loc 1 55 3 view .LVU10
  62 0020 DB69     		ldr	r3, [r3, #28]
  63 0022 03F08053 		and	r3, r3, #268435456
  64 0026 0193     		str	r3, [sp, #4]
  65              		.loc 1 55 3 view .LVU11
  66 0028 019B     		ldr	r3, [sp, #4]
  67              	.LBE3:
  68              		.loc 1 55 3 view .LVU12
  56:Src/stm32f1xx_hal_msp.c **** 
  57:Src/stm32f1xx_hal_msp.c ****   HAL_NVIC_SetPriorityGrouping(NVIC_PRIORITYGROUP_4);
  69              		.loc 1 57 3 view .LVU13
  70 002a 0320     		movs	r0, #3
  71 002c FFF7FEFF 		bl	HAL_NVIC_SetPriorityGrouping
  72              	.LVL0:
  58:Src/stm32f1xx_hal_msp.c **** 
  59:Src/stm32f1xx_hal_msp.c ****   /* System interrupt init*/
  60:Src/stm32f1xx_hal_msp.c ****   /* MemoryManagement_IRQn interrupt configuration */
  61:Src/stm32f1xx_hal_msp.c ****   HAL_NVIC_SetPriority(MemoryManagement_IRQn, 0, 0);
  73              		.loc 1 61 3 view .LVU14
  74 0030 0022     		movs	r2, #0
  75 0032 1146     		mov	r1, r2
  76 0034 6FF00B00 		mvn	r0, #11
  77 0038 FFF7FEFF 		bl	HAL_NVIC_SetPriority
  78              	.LVL1:
  62:Src/stm32f1xx_hal_msp.c ****   /* BusFault_IRQn interrupt configuration */
  63:Src/stm32f1xx_hal_msp.c ****   HAL_NVIC_SetPriority(BusFault_IRQn, 0, 0);
  79              		.loc 1 63 3 view .LVU15
  80 003c 0022     		movs	r2, #0
  81 003e 1146     		mov	r1, r2
  82 0040 6FF00A00 		mvn	r0, #10
  83 0044 FFF7FEFF 		bl	HAL_NVIC_SetPriority
  84              	.LVL2:
  64:Src/stm32f1xx_hal_msp.c ****   /* UsageFault_IRQn interrupt configuration */
  65:Src/stm32f1xx_hal_msp.c ****   HAL_NVIC_SetPriority(UsageFault_IRQn, 0, 0);
  85              		.loc 1 65 3 view .LVU16
  86 0048 0022     		movs	r2, #0
  87 004a 1146     		mov	r1, r2
  88 004c 6FF00900 		mvn	r0, #9
  89 0050 FFF7FEFF 		bl	HAL_NVIC_SetPriority
  90              	.LVL3:
  66:Src/stm32f1xx_hal_msp.c ****   /* SVCall_IRQn interrupt configuration */
  67:Src/stm32f1xx_hal_msp.c ****   HAL_NVIC_SetPriority(SVCall_IRQn, 0, 0);
  91              		.loc 1 67 3 view .LVU17
  92 0054 0022     		movs	r2, #0
  93 0056 1146     		mov	r1, r2
  94 0058 6FF00400 		mvn	r0, #4
  95 005c FFF7FEFF 		bl	HAL_NVIC_SetPriority
  96              	.LVL4:
  68:Src/stm32f1xx_hal_msp.c ****   /* DebugMonitor_IRQn interrupt configuration */
  69:Src/stm32f1xx_hal_msp.c ****   HAL_NVIC_SetPriority(DebugMonitor_IRQn, 0, 0);
  97              		.loc 1 69 3 view .LVU18
  98 0060 0022     		movs	r2, #0
  99 0062 1146     		mov	r1, r2
 100 0064 6FF00300 		mvn	r0, #3
 101 0068 FFF7FEFF 		bl	HAL_NVIC_SetPriority
 102              	.LVL5:
  70:Src/stm32f1xx_hal_msp.c ****   /* PendSV_IRQn interrupt configuration */
ARM GAS  C:\Users\Marcin\AppData\Local\Temp\ccg3FQ8d.s 			page 4


  71:Src/stm32f1xx_hal_msp.c ****   HAL_NVIC_SetPriority(PendSV_IRQn, 0, 0);
 103              		.loc 1 71 3 view .LVU19
 104 006c 0022     		movs	r2, #0
 105 006e 1146     		mov	r1, r2
 106 0070 6FF00100 		mvn	r0, #1
 107 0074 FFF7FEFF 		bl	HAL_NVIC_SetPriority
 108              	.LVL6:
  72:Src/stm32f1xx_hal_msp.c ****   /* SysTick_IRQn interrupt configuration */
  73:Src/stm32f1xx_hal_msp.c ****   HAL_NVIC_SetPriority(SysTick_IRQn, 0, 0);
 109              		.loc 1 73 3 view .LVU20
 110 0078 0022     		movs	r2, #0
 111 007a 1146     		mov	r1, r2
 112 007c 4FF0FF30 		mov	r0, #-1
 113 0080 FFF7FEFF 		bl	HAL_NVIC_SetPriority
 114              	.LVL7:
  74:Src/stm32f1xx_hal_msp.c **** 
  75:Src/stm32f1xx_hal_msp.c ****     /**NOJTAG: JTAG-DP Disabled and SW-DP Enabled 
  76:Src/stm32f1xx_hal_msp.c ****     */
  77:Src/stm32f1xx_hal_msp.c ****   __HAL_AFIO_REMAP_SWJ_NOJTAG();
 115              		.loc 1 77 3 view .LVU21
 116              	.LBB4:
 117              		.loc 1 77 3 view .LVU22
 118 0084 054A     		ldr	r2, .L3+4
 119 0086 5368     		ldr	r3, [r2, #4]
 120              	.LVL8:
 121              		.loc 1 77 3 view .LVU23
 122 0088 23F0E063 		bic	r3, r3, #117440512
 123              	.LVL9:
 124              		.loc 1 77 3 view .LVU24
 125 008c 43F00073 		orr	r3, r3, #33554432
 126              	.LVL10:
 127              		.loc 1 77 3 view .LVU25
 128 0090 5360     		str	r3, [r2, #4]
 129              	.LBE4:
 130              		.loc 1 77 3 view .LVU26
  78:Src/stm32f1xx_hal_msp.c **** 
  79:Src/stm32f1xx_hal_msp.c ****   /* USER CODE BEGIN MspInit 1 */
  80:Src/stm32f1xx_hal_msp.c **** 
  81:Src/stm32f1xx_hal_msp.c ****   /* USER CODE END MspInit 1 */
  82:Src/stm32f1xx_hal_msp.c **** }
 131              		.loc 1 82 1 is_stmt 0 view .LVU27
 132 0092 03B0     		add	sp, sp, #12
 133              	.LCFI2:
 134              		.cfi_def_cfa_offset 4
 135              		@ sp needed
 136 0094 5DF804FB 		ldr	pc, [sp], #4
 137              	.L4:
 138              		.align	2
 139              	.L3:
 140 0098 00100240 		.word	1073876992
 141 009c 00000140 		.word	1073807360
 142              		.cfi_endproc
 143              	.LFE66:
 145              		.text
 146              	.Letext0:
 147              		.file 2 "g:\\program files (x86)\\gnu tools arm embedded\\9 2019-q4-major\\arm-none-eabi\\include\
 148              		.file 3 "g:\\program files (x86)\\gnu tools arm embedded\\9 2019-q4-major\\arm-none-eabi\\include\
ARM GAS  C:\Users\Marcin\AppData\Local\Temp\ccg3FQ8d.s 			page 5


 149              		.file 4 "Drivers/CMSIS/Include/core_cm3.h"
 150              		.file 5 "Drivers/CMSIS/Device/ST/STM32F1xx/Include/system_stm32f1xx.h"
 151              		.file 6 "Drivers/CMSIS/Device/ST/STM32F1xx/Include/stm32f103xb.h"
 152              		.file 7 "g:\\program files (x86)\\gnu tools arm embedded\\9 2019-q4-major\\arm-none-eabi\\include\
 153              		.file 8 "g:\\program files (x86)\\gnu tools arm embedded\\9 2019-q4-major\\arm-none-eabi\\include\
 154              		.file 9 "g:\\program files (x86)\\gnu tools arm embedded\\9 2019-q4-major\\lib\\gcc\\arm-none-eabi
 155              		.file 10 "g:\\program files (x86)\\gnu tools arm embedded\\9 2019-q4-major\\arm-none-eabi\\include
 156              		.file 11 "Drivers/STM32F1xx_HAL_Driver/Inc/stm32f1xx_hal_cortex.h"
ARM GAS  C:\Users\Marcin\AppData\Local\Temp\ccg3FQ8d.s 			page 6


DEFINED SYMBOLS
                            *ABS*:00000000 stm32f1xx_hal_msp.c
C:\Users\Marcin\AppData\Local\Temp\ccg3FQ8d.s:16     .text.HAL_MspInit:00000000 $t
C:\Users\Marcin\AppData\Local\Temp\ccg3FQ8d.s:24     .text.HAL_MspInit:00000000 HAL_MspInit
C:\Users\Marcin\AppData\Local\Temp\ccg3FQ8d.s:140    .text.HAL_MspInit:00000098 $d

UNDEFINED SYMBOLS
HAL_NVIC_SetPriorityGrouping
HAL_NVIC_SetPriority
