ARM GAS  C:\Users\Marcin\AppData\Local\Temp\ccigrAPA.s 			page 1


   1              		.cpu cortex-m3
   2              		.eabi_attribute 20, 1
   3              		.eabi_attribute 21, 1
   4              		.eabi_attribute 23, 3
   5              		.eabi_attribute 24, 1
   6              		.eabi_attribute 25, 1
   7              		.eabi_attribute 26, 1
   8              		.eabi_attribute 30, 1
   9              		.eabi_attribute 34, 1
  10              		.eabi_attribute 18, 4
  11              		.file	"stm32f1xx_it.c"
  12              		.text
  13              	.Ltext0:
  14              		.cfi_sections	.debug_frame
  15              		.section	.text.NMI_Handler,"ax",%progbits
  16              		.align	1
  17              		.global	NMI_Handler
  18              		.arch armv7-m
  19              		.syntax unified
  20              		.thumb
  21              		.thumb_func
  22              		.fpu softvfp
  24              	NMI_Handler:
  25              	.LFB66:
  26              		.file 1 "Src/stm32f1xx_it.c"
   1:Src/stm32f1xx_it.c **** /**
   2:Src/stm32f1xx_it.c ****   ******************************************************************************
   3:Src/stm32f1xx_it.c ****   * @file    stm32f1xx_it.c
   4:Src/stm32f1xx_it.c ****   * @brief   Interrupt Service Routines.
   5:Src/stm32f1xx_it.c ****   ******************************************************************************
   6:Src/stm32f1xx_it.c ****   *
   7:Src/stm32f1xx_it.c ****   * COPYRIGHT(c) 2020 STMicroelectronics
   8:Src/stm32f1xx_it.c ****   *
   9:Src/stm32f1xx_it.c ****   * Redistribution and use in source and binary forms, with or without modification,
  10:Src/stm32f1xx_it.c ****   * are permitted provided that the following conditions are met:
  11:Src/stm32f1xx_it.c ****   *   1. Redistributions of source code must retain the above copyright notice,
  12:Src/stm32f1xx_it.c ****   *      this list of conditions and the following disclaimer.
  13:Src/stm32f1xx_it.c ****   *   2. Redistributions in binary form must reproduce the above copyright notice,
  14:Src/stm32f1xx_it.c ****   *      this list of conditions and the following disclaimer in the documentation
  15:Src/stm32f1xx_it.c ****   *      and/or other materials provided with the distribution.
  16:Src/stm32f1xx_it.c ****   *   3. Neither the name of STMicroelectronics nor the names of its contributors
  17:Src/stm32f1xx_it.c ****   *      may be used to endorse or promote products derived from this software
  18:Src/stm32f1xx_it.c ****   *      without specific prior written permission.
  19:Src/stm32f1xx_it.c ****   *
  20:Src/stm32f1xx_it.c ****   * THIS SOFTWARE IS PROVIDED BY THE COPYRIGHT HOLDERS AND CONTRIBUTORS "AS IS"
  21:Src/stm32f1xx_it.c ****   * AND ANY EXPRESS OR IMPLIED WARRANTIES, INCLUDING, BUT NOT LIMITED TO, THE
  22:Src/stm32f1xx_it.c ****   * IMPLIED WARRANTIES OF MERCHANTABILITY AND FITNESS FOR A PARTICULAR PURPOSE ARE
  23:Src/stm32f1xx_it.c ****   * DISCLAIMED. IN NO EVENT SHALL THE COPYRIGHT HOLDER OR CONTRIBUTORS BE LIABLE
  24:Src/stm32f1xx_it.c ****   * FOR ANY DIRECT, INDIRECT, INCIDENTAL, SPECIAL, EXEMPLARY, OR CONSEQUENTIAL
  25:Src/stm32f1xx_it.c ****   * DAMAGES (INCLUDING, BUT NOT LIMITED TO, PROCUREMENT OF SUBSTITUTE GOODS OR
  26:Src/stm32f1xx_it.c ****   * SERVICES; LOSS OF USE, DATA, OR PROFITS; OR BUSINESS INTERRUPTION) HOWEVER
  27:Src/stm32f1xx_it.c ****   * CAUSED AND ON ANY THEORY OF LIABILITY, WHETHER IN CONTRACT, STRICT LIABILITY,
  28:Src/stm32f1xx_it.c ****   * OR TORT (INCLUDING NEGLIGENCE OR OTHERWISE) ARISING IN ANY WAY OUT OF THE USE
  29:Src/stm32f1xx_it.c ****   * OF THIS SOFTWARE, EVEN IF ADVISED OF THE POSSIBILITY OF SUCH DAMAGE.
  30:Src/stm32f1xx_it.c ****   *
  31:Src/stm32f1xx_it.c ****   ******************************************************************************
  32:Src/stm32f1xx_it.c ****   */
ARM GAS  C:\Users\Marcin\AppData\Local\Temp\ccigrAPA.s 			page 2


  33:Src/stm32f1xx_it.c **** /* Includes ------------------------------------------------------------------*/
  34:Src/stm32f1xx_it.c **** #include "stm32f1xx_hal.h"
  35:Src/stm32f1xx_it.c **** #include "stm32f1xx.h"
  36:Src/stm32f1xx_it.c **** #include "stm32f1xx_it.h"
  37:Src/stm32f1xx_it.c **** 
  38:Src/stm32f1xx_it.c **** /* USER CODE BEGIN 0 */
  39:Src/stm32f1xx_it.c **** 
  40:Src/stm32f1xx_it.c **** /* USER CODE END 0 */
  41:Src/stm32f1xx_it.c **** 
  42:Src/stm32f1xx_it.c **** /* External variables --------------------------------------------------------*/
  43:Src/stm32f1xx_it.c **** extern RTC_HandleTypeDef hrtc;
  44:Src/stm32f1xx_it.c **** extern TIM_HandleTypeDef htim1;
  45:Src/stm32f1xx_it.c **** 
  46:Src/stm32f1xx_it.c **** /******************************************************************************/
  47:Src/stm32f1xx_it.c **** /*            Cortex-M3 Processor Interruption and Exception Handlers         */ 
  48:Src/stm32f1xx_it.c **** /******************************************************************************/
  49:Src/stm32f1xx_it.c **** 
  50:Src/stm32f1xx_it.c **** /**
  51:Src/stm32f1xx_it.c **** * @brief This function handles Non maskable interrupt.
  52:Src/stm32f1xx_it.c **** */
  53:Src/stm32f1xx_it.c **** void NMI_Handler(void)
  54:Src/stm32f1xx_it.c **** {
  27              		.loc 1 54 1 view -0
  28              		.cfi_startproc
  29              		@ args = 0, pretend = 0, frame = 0
  30              		@ frame_needed = 0, uses_anonymous_args = 0
  31              		@ link register save eliminated.
  55:Src/stm32f1xx_it.c ****   /* USER CODE BEGIN NonMaskableInt_IRQn 0 */
  56:Src/stm32f1xx_it.c **** 
  57:Src/stm32f1xx_it.c ****   /* USER CODE END NonMaskableInt_IRQn 0 */
  58:Src/stm32f1xx_it.c ****   /* USER CODE BEGIN NonMaskableInt_IRQn 1 */
  59:Src/stm32f1xx_it.c **** 
  60:Src/stm32f1xx_it.c ****   /* USER CODE END NonMaskableInt_IRQn 1 */
  61:Src/stm32f1xx_it.c **** }
  32              		.loc 1 61 1 view .LVU1
  33 0000 7047     		bx	lr
  34              		.cfi_endproc
  35              	.LFE66:
  37              		.section	.text.HardFault_Handler,"ax",%progbits
  38              		.align	1
  39              		.global	HardFault_Handler
  40              		.syntax unified
  41              		.thumb
  42              		.thumb_func
  43              		.fpu softvfp
  45              	HardFault_Handler:
  46              	.LFB67:
  62:Src/stm32f1xx_it.c **** 
  63:Src/stm32f1xx_it.c **** /**
  64:Src/stm32f1xx_it.c **** * @brief This function handles Hard fault interrupt.
  65:Src/stm32f1xx_it.c **** */
  66:Src/stm32f1xx_it.c **** void HardFault_Handler(void)
  67:Src/stm32f1xx_it.c **** {
  47              		.loc 1 67 1 view -0
  48              		.cfi_startproc
  49              		@ Volatile: function does not return.
  50              		@ args = 0, pretend = 0, frame = 0
ARM GAS  C:\Users\Marcin\AppData\Local\Temp\ccigrAPA.s 			page 3


  51              		@ frame_needed = 0, uses_anonymous_args = 0
  52              		@ link register save eliminated.
  53              	.L3:
  68:Src/stm32f1xx_it.c ****   /* USER CODE BEGIN HardFault_IRQn 0 */
  69:Src/stm32f1xx_it.c **** 
  70:Src/stm32f1xx_it.c ****   /* USER CODE END HardFault_IRQn 0 */
  71:Src/stm32f1xx_it.c ****   while (1)
  54              		.loc 1 71 3 discriminator 1 view .LVU3
  72:Src/stm32f1xx_it.c ****   {
  73:Src/stm32f1xx_it.c ****     /* USER CODE BEGIN W1_HardFault_IRQn 0 */
  74:Src/stm32f1xx_it.c ****     /* USER CODE END W1_HardFault_IRQn 0 */
  75:Src/stm32f1xx_it.c ****   }
  55              		.loc 1 75 3 discriminator 1 view .LVU4
  71:Src/stm32f1xx_it.c ****   {
  56              		.loc 1 71 9 discriminator 1 view .LVU5
  57 0000 FEE7     		b	.L3
  58              		.cfi_endproc
  59              	.LFE67:
  61              		.section	.text.MemManage_Handler,"ax",%progbits
  62              		.align	1
  63              		.global	MemManage_Handler
  64              		.syntax unified
  65              		.thumb
  66              		.thumb_func
  67              		.fpu softvfp
  69              	MemManage_Handler:
  70              	.LFB68:
  76:Src/stm32f1xx_it.c ****   /* USER CODE BEGIN HardFault_IRQn 1 */
  77:Src/stm32f1xx_it.c **** 
  78:Src/stm32f1xx_it.c ****   /* USER CODE END HardFault_IRQn 1 */
  79:Src/stm32f1xx_it.c **** }
  80:Src/stm32f1xx_it.c **** 
  81:Src/stm32f1xx_it.c **** /**
  82:Src/stm32f1xx_it.c **** * @brief This function handles Memory management fault.
  83:Src/stm32f1xx_it.c **** */
  84:Src/stm32f1xx_it.c **** void MemManage_Handler(void)
  85:Src/stm32f1xx_it.c **** {
  71              		.loc 1 85 1 view -0
  72              		.cfi_startproc
  73              		@ Volatile: function does not return.
  74              		@ args = 0, pretend = 0, frame = 0
  75              		@ frame_needed = 0, uses_anonymous_args = 0
  76              		@ link register save eliminated.
  77              	.L5:
  86:Src/stm32f1xx_it.c ****   /* USER CODE BEGIN MemoryManagement_IRQn 0 */
  87:Src/stm32f1xx_it.c **** 
  88:Src/stm32f1xx_it.c ****   /* USER CODE END MemoryManagement_IRQn 0 */
  89:Src/stm32f1xx_it.c ****   while (1)
  78              		.loc 1 89 3 discriminator 1 view .LVU7
  90:Src/stm32f1xx_it.c ****   {
  91:Src/stm32f1xx_it.c ****     /* USER CODE BEGIN W1_MemoryManagement_IRQn 0 */
  92:Src/stm32f1xx_it.c ****     /* USER CODE END W1_MemoryManagement_IRQn 0 */
  93:Src/stm32f1xx_it.c ****   }
  79              		.loc 1 93 3 discriminator 1 view .LVU8
  89:Src/stm32f1xx_it.c ****   {
  80              		.loc 1 89 9 discriminator 1 view .LVU9
  81 0000 FEE7     		b	.L5
ARM GAS  C:\Users\Marcin\AppData\Local\Temp\ccigrAPA.s 			page 4


  82              		.cfi_endproc
  83              	.LFE68:
  85              		.section	.text.BusFault_Handler,"ax",%progbits
  86              		.align	1
  87              		.global	BusFault_Handler
  88              		.syntax unified
  89              		.thumb
  90              		.thumb_func
  91              		.fpu softvfp
  93              	BusFault_Handler:
  94              	.LFB69:
  94:Src/stm32f1xx_it.c ****   /* USER CODE BEGIN MemoryManagement_IRQn 1 */
  95:Src/stm32f1xx_it.c **** 
  96:Src/stm32f1xx_it.c ****   /* USER CODE END MemoryManagement_IRQn 1 */
  97:Src/stm32f1xx_it.c **** }
  98:Src/stm32f1xx_it.c **** 
  99:Src/stm32f1xx_it.c **** /**
 100:Src/stm32f1xx_it.c **** * @brief This function handles Prefetch fault, memory access fault.
 101:Src/stm32f1xx_it.c **** */
 102:Src/stm32f1xx_it.c **** void BusFault_Handler(void)
 103:Src/stm32f1xx_it.c **** {
  95              		.loc 1 103 1 view -0
  96              		.cfi_startproc
  97              		@ Volatile: function does not return.
  98              		@ args = 0, pretend = 0, frame = 0
  99              		@ frame_needed = 0, uses_anonymous_args = 0
 100              		@ link register save eliminated.
 101              	.L7:
 104:Src/stm32f1xx_it.c ****   /* USER CODE BEGIN BusFault_IRQn 0 */
 105:Src/stm32f1xx_it.c **** 
 106:Src/stm32f1xx_it.c ****   /* USER CODE END BusFault_IRQn 0 */
 107:Src/stm32f1xx_it.c ****   while (1)
 102              		.loc 1 107 3 discriminator 1 view .LVU11
 108:Src/stm32f1xx_it.c ****   {
 109:Src/stm32f1xx_it.c ****     /* USER CODE BEGIN W1_BusFault_IRQn 0 */
 110:Src/stm32f1xx_it.c ****     /* USER CODE END W1_BusFault_IRQn 0 */
 111:Src/stm32f1xx_it.c ****   }
 103              		.loc 1 111 3 discriminator 1 view .LVU12
 107:Src/stm32f1xx_it.c ****   {
 104              		.loc 1 107 9 discriminator 1 view .LVU13
 105 0000 FEE7     		b	.L7
 106              		.cfi_endproc
 107              	.LFE69:
 109              		.section	.text.UsageFault_Handler,"ax",%progbits
 110              		.align	1
 111              		.global	UsageFault_Handler
 112              		.syntax unified
 113              		.thumb
 114              		.thumb_func
 115              		.fpu softvfp
 117              	UsageFault_Handler:
 118              	.LFB70:
 112:Src/stm32f1xx_it.c ****   /* USER CODE BEGIN BusFault_IRQn 1 */
 113:Src/stm32f1xx_it.c **** 
 114:Src/stm32f1xx_it.c ****   /* USER CODE END BusFault_IRQn 1 */
 115:Src/stm32f1xx_it.c **** }
 116:Src/stm32f1xx_it.c **** 
ARM GAS  C:\Users\Marcin\AppData\Local\Temp\ccigrAPA.s 			page 5


 117:Src/stm32f1xx_it.c **** /**
 118:Src/stm32f1xx_it.c **** * @brief This function handles Undefined instruction or illegal state.
 119:Src/stm32f1xx_it.c **** */
 120:Src/stm32f1xx_it.c **** void UsageFault_Handler(void)
 121:Src/stm32f1xx_it.c **** {
 119              		.loc 1 121 1 view -0
 120              		.cfi_startproc
 121              		@ Volatile: function does not return.
 122              		@ args = 0, pretend = 0, frame = 0
 123              		@ frame_needed = 0, uses_anonymous_args = 0
 124              		@ link register save eliminated.
 125              	.L9:
 122:Src/stm32f1xx_it.c ****   /* USER CODE BEGIN UsageFault_IRQn 0 */
 123:Src/stm32f1xx_it.c **** 
 124:Src/stm32f1xx_it.c ****   /* USER CODE END UsageFault_IRQn 0 */
 125:Src/stm32f1xx_it.c ****   while (1)
 126              		.loc 1 125 3 discriminator 1 view .LVU15
 126:Src/stm32f1xx_it.c ****   {
 127:Src/stm32f1xx_it.c ****     /* USER CODE BEGIN W1_UsageFault_IRQn 0 */
 128:Src/stm32f1xx_it.c ****     /* USER CODE END W1_UsageFault_IRQn 0 */
 129:Src/stm32f1xx_it.c ****   }
 127              		.loc 1 129 3 discriminator 1 view .LVU16
 125:Src/stm32f1xx_it.c ****   {
 128              		.loc 1 125 9 discriminator 1 view .LVU17
 129 0000 FEE7     		b	.L9
 130              		.cfi_endproc
 131              	.LFE70:
 133              		.section	.text.SVC_Handler,"ax",%progbits
 134              		.align	1
 135              		.global	SVC_Handler
 136              		.syntax unified
 137              		.thumb
 138              		.thumb_func
 139              		.fpu softvfp
 141              	SVC_Handler:
 142              	.LFB71:
 130:Src/stm32f1xx_it.c ****   /* USER CODE BEGIN UsageFault_IRQn 1 */
 131:Src/stm32f1xx_it.c **** 
 132:Src/stm32f1xx_it.c ****   /* USER CODE END UsageFault_IRQn 1 */
 133:Src/stm32f1xx_it.c **** }
 134:Src/stm32f1xx_it.c **** 
 135:Src/stm32f1xx_it.c **** /**
 136:Src/stm32f1xx_it.c **** * @brief This function handles System service call via SWI instruction.
 137:Src/stm32f1xx_it.c **** */
 138:Src/stm32f1xx_it.c **** void SVC_Handler(void)
 139:Src/stm32f1xx_it.c **** {
 143              		.loc 1 139 1 view -0
 144              		.cfi_startproc
 145              		@ args = 0, pretend = 0, frame = 0
 146              		@ frame_needed = 0, uses_anonymous_args = 0
 147              		@ link register save eliminated.
 140:Src/stm32f1xx_it.c ****   /* USER CODE BEGIN SVCall_IRQn 0 */
 141:Src/stm32f1xx_it.c **** 
 142:Src/stm32f1xx_it.c ****   /* USER CODE END SVCall_IRQn 0 */
 143:Src/stm32f1xx_it.c ****   /* USER CODE BEGIN SVCall_IRQn 1 */
 144:Src/stm32f1xx_it.c **** 
 145:Src/stm32f1xx_it.c ****   /* USER CODE END SVCall_IRQn 1 */
ARM GAS  C:\Users\Marcin\AppData\Local\Temp\ccigrAPA.s 			page 6


 146:Src/stm32f1xx_it.c **** }
 148              		.loc 1 146 1 view .LVU19
 149 0000 7047     		bx	lr
 150              		.cfi_endproc
 151              	.LFE71:
 153              		.section	.text.DebugMon_Handler,"ax",%progbits
 154              		.align	1
 155              		.global	DebugMon_Handler
 156              		.syntax unified
 157              		.thumb
 158              		.thumb_func
 159              		.fpu softvfp
 161              	DebugMon_Handler:
 162              	.LFB72:
 147:Src/stm32f1xx_it.c **** 
 148:Src/stm32f1xx_it.c **** /**
 149:Src/stm32f1xx_it.c **** * @brief This function handles Debug monitor.
 150:Src/stm32f1xx_it.c **** */
 151:Src/stm32f1xx_it.c **** void DebugMon_Handler(void)
 152:Src/stm32f1xx_it.c **** {
 163              		.loc 1 152 1 view -0
 164              		.cfi_startproc
 165              		@ args = 0, pretend = 0, frame = 0
 166              		@ frame_needed = 0, uses_anonymous_args = 0
 167              		@ link register save eliminated.
 153:Src/stm32f1xx_it.c ****   /* USER CODE BEGIN DebugMonitor_IRQn 0 */
 154:Src/stm32f1xx_it.c **** 
 155:Src/stm32f1xx_it.c ****   /* USER CODE END DebugMonitor_IRQn 0 */
 156:Src/stm32f1xx_it.c ****   /* USER CODE BEGIN DebugMonitor_IRQn 1 */
 157:Src/stm32f1xx_it.c **** 
 158:Src/stm32f1xx_it.c ****   /* USER CODE END DebugMonitor_IRQn 1 */
 159:Src/stm32f1xx_it.c **** }
 168              		.loc 1 159 1 view .LVU21
 169 0000 7047     		bx	lr
 170              		.cfi_endproc
 171              	.LFE72:
 173              		.section	.text.PendSV_Handler,"ax",%progbits
 174              		.align	1
 175              		.global	PendSV_Handler
 176              		.syntax unified
 177              		.thumb
 178              		.thumb_func
 179              		.fpu softvfp
 181              	PendSV_Handler:
 182              	.LFB73:
 160:Src/stm32f1xx_it.c **** 
 161:Src/stm32f1xx_it.c **** /**
 162:Src/stm32f1xx_it.c **** * @brief This function handles Pendable request for system service.
 163:Src/stm32f1xx_it.c **** */
 164:Src/stm32f1xx_it.c **** void PendSV_Handler(void)
 165:Src/stm32f1xx_it.c **** {
 183              		.loc 1 165 1 view -0
 184              		.cfi_startproc
 185              		@ args = 0, pretend = 0, frame = 0
 186              		@ frame_needed = 0, uses_anonymous_args = 0
 187              		@ link register save eliminated.
 166:Src/stm32f1xx_it.c ****   /* USER CODE BEGIN PendSV_IRQn 0 */
ARM GAS  C:\Users\Marcin\AppData\Local\Temp\ccigrAPA.s 			page 7


 167:Src/stm32f1xx_it.c **** 
 168:Src/stm32f1xx_it.c ****   /* USER CODE END PendSV_IRQn 0 */
 169:Src/stm32f1xx_it.c ****   /* USER CODE BEGIN PendSV_IRQn 1 */
 170:Src/stm32f1xx_it.c **** 
 171:Src/stm32f1xx_it.c ****   /* USER CODE END PendSV_IRQn 1 */
 172:Src/stm32f1xx_it.c **** }
 188              		.loc 1 172 1 view .LVU23
 189 0000 7047     		bx	lr
 190              		.cfi_endproc
 191              	.LFE73:
 193              		.section	.text.SysTick_Handler,"ax",%progbits
 194              		.align	1
 195              		.global	SysTick_Handler
 196              		.syntax unified
 197              		.thumb
 198              		.thumb_func
 199              		.fpu softvfp
 201              	SysTick_Handler:
 202              	.LFB74:
 173:Src/stm32f1xx_it.c **** 
 174:Src/stm32f1xx_it.c **** /**
 175:Src/stm32f1xx_it.c **** * @brief This function handles System tick timer.
 176:Src/stm32f1xx_it.c **** */
 177:Src/stm32f1xx_it.c **** void SysTick_Handler(void)
 178:Src/stm32f1xx_it.c **** {
 203              		.loc 1 178 1 view -0
 204              		.cfi_startproc
 205              		@ args = 0, pretend = 0, frame = 0
 206              		@ frame_needed = 0, uses_anonymous_args = 0
 207 0000 08B5     		push	{r3, lr}
 208              	.LCFI0:
 209              		.cfi_def_cfa_offset 8
 210              		.cfi_offset 3, -8
 211              		.cfi_offset 14, -4
 179:Src/stm32f1xx_it.c ****   /* USER CODE BEGIN SysTick_IRQn 0 */
 180:Src/stm32f1xx_it.c **** 
 181:Src/stm32f1xx_it.c ****   /* USER CODE END SysTick_IRQn 0 */
 182:Src/stm32f1xx_it.c ****   HAL_IncTick();
 212              		.loc 1 182 3 view .LVU25
 213 0002 FFF7FEFF 		bl	HAL_IncTick
 214              	.LVL0:
 183:Src/stm32f1xx_it.c ****   HAL_SYSTICK_IRQHandler();
 215              		.loc 1 183 3 view .LVU26
 216 0006 FFF7FEFF 		bl	HAL_SYSTICK_IRQHandler
 217              	.LVL1:
 184:Src/stm32f1xx_it.c ****   /* USER CODE BEGIN SysTick_IRQn 1 */
 185:Src/stm32f1xx_it.c **** 
 186:Src/stm32f1xx_it.c ****   /* USER CODE END SysTick_IRQn 1 */
 187:Src/stm32f1xx_it.c **** }
 218              		.loc 1 187 1 is_stmt 0 view .LVU27
 219 000a 08BD     		pop	{r3, pc}
 220              		.cfi_endproc
 221              	.LFE74:
 223              		.section	.text.RTC_IRQHandler,"ax",%progbits
 224              		.align	1
 225              		.global	RTC_IRQHandler
 226              		.syntax unified
ARM GAS  C:\Users\Marcin\AppData\Local\Temp\ccigrAPA.s 			page 8


 227              		.thumb
 228              		.thumb_func
 229              		.fpu softvfp
 231              	RTC_IRQHandler:
 232              	.LFB75:
 188:Src/stm32f1xx_it.c **** 
 189:Src/stm32f1xx_it.c **** /******************************************************************************/
 190:Src/stm32f1xx_it.c **** /* STM32F1xx Peripheral Interrupt Handlers                                    */
 191:Src/stm32f1xx_it.c **** /* Add here the Interrupt Handlers for the used peripherals.                  */
 192:Src/stm32f1xx_it.c **** /* For the available peripheral interrupt handler names,                      */
 193:Src/stm32f1xx_it.c **** /* please refer to the startup file (startup_stm32f1xx.s).                    */
 194:Src/stm32f1xx_it.c **** /******************************************************************************/
 195:Src/stm32f1xx_it.c **** 
 196:Src/stm32f1xx_it.c **** /**
 197:Src/stm32f1xx_it.c **** * @brief This function handles RTC global interrupt.
 198:Src/stm32f1xx_it.c **** */
 199:Src/stm32f1xx_it.c **** void RTC_IRQHandler(void)
 200:Src/stm32f1xx_it.c **** {
 233              		.loc 1 200 1 is_stmt 1 view -0
 234              		.cfi_startproc
 235              		@ args = 0, pretend = 0, frame = 0
 236              		@ frame_needed = 0, uses_anonymous_args = 0
 237 0000 08B5     		push	{r3, lr}
 238              	.LCFI1:
 239              		.cfi_def_cfa_offset 8
 240              		.cfi_offset 3, -8
 241              		.cfi_offset 14, -4
 201:Src/stm32f1xx_it.c ****   /* USER CODE BEGIN RTC_IRQn 0 */
 202:Src/stm32f1xx_it.c **** 
 203:Src/stm32f1xx_it.c ****   /* USER CODE END RTC_IRQn 0 */
 204:Src/stm32f1xx_it.c ****   HAL_RTCEx_RTCIRQHandler(&hrtc);
 242              		.loc 1 204 3 view .LVU29
 243 0002 0248     		ldr	r0, .L17
 244 0004 FFF7FEFF 		bl	HAL_RTCEx_RTCIRQHandler
 245              	.LVL2:
 205:Src/stm32f1xx_it.c ****   /* USER CODE BEGIN RTC_IRQn 1 */
 206:Src/stm32f1xx_it.c **** 
 207:Src/stm32f1xx_it.c ****   /* USER CODE END RTC_IRQn 1 */
 208:Src/stm32f1xx_it.c **** }
 246              		.loc 1 208 1 is_stmt 0 view .LVU30
 247 0008 08BD     		pop	{r3, pc}
 248              	.L18:
 249 000a 00BF     		.align	2
 250              	.L17:
 251 000c 00000000 		.word	hrtc
 252              		.cfi_endproc
 253              	.LFE75:
 255              		.section	.text.EXTI9_5_IRQHandler,"ax",%progbits
 256              		.align	1
 257              		.global	EXTI9_5_IRQHandler
 258              		.syntax unified
 259              		.thumb
 260              		.thumb_func
 261              		.fpu softvfp
 263              	EXTI9_5_IRQHandler:
 264              	.LFB76:
 209:Src/stm32f1xx_it.c **** 
ARM GAS  C:\Users\Marcin\AppData\Local\Temp\ccigrAPA.s 			page 9


 210:Src/stm32f1xx_it.c **** /**
 211:Src/stm32f1xx_it.c **** * @brief This function handles EXTI line[9:5] interrupts.
 212:Src/stm32f1xx_it.c **** */
 213:Src/stm32f1xx_it.c **** void EXTI9_5_IRQHandler(void)
 214:Src/stm32f1xx_it.c **** {
 265              		.loc 1 214 1 is_stmt 1 view -0
 266              		.cfi_startproc
 267              		@ args = 0, pretend = 0, frame = 0
 268              		@ frame_needed = 0, uses_anonymous_args = 0
 269 0000 08B5     		push	{r3, lr}
 270              	.LCFI2:
 271              		.cfi_def_cfa_offset 8
 272              		.cfi_offset 3, -8
 273              		.cfi_offset 14, -4
 215:Src/stm32f1xx_it.c ****   /* USER CODE BEGIN EXTI9_5_IRQn 0 */
 216:Src/stm32f1xx_it.c **** 
 217:Src/stm32f1xx_it.c ****   /* USER CODE END EXTI9_5_IRQn 0 */
 218:Src/stm32f1xx_it.c ****   HAL_GPIO_EXTI_IRQHandler(GPIO_PIN_6);
 274              		.loc 1 218 3 view .LVU32
 275 0002 4020     		movs	r0, #64
 276 0004 FFF7FEFF 		bl	HAL_GPIO_EXTI_IRQHandler
 277              	.LVL3:
 219:Src/stm32f1xx_it.c ****   HAL_GPIO_EXTI_IRQHandler(GPIO_PIN_7);
 278              		.loc 1 219 3 view .LVU33
 279 0008 8020     		movs	r0, #128
 280 000a FFF7FEFF 		bl	HAL_GPIO_EXTI_IRQHandler
 281              	.LVL4:
 220:Src/stm32f1xx_it.c ****   /* USER CODE BEGIN EXTI9_5_IRQn 1 */
 221:Src/stm32f1xx_it.c **** 
 222:Src/stm32f1xx_it.c ****   /* USER CODE END EXTI9_5_IRQn 1 */
 223:Src/stm32f1xx_it.c **** }
 282              		.loc 1 223 1 is_stmt 0 view .LVU34
 283 000e 08BD     		pop	{r3, pc}
 284              		.cfi_endproc
 285              	.LFE76:
 287              		.section	.text.TIM1_BRK_IRQHandler,"ax",%progbits
 288              		.align	1
 289              		.global	TIM1_BRK_IRQHandler
 290              		.syntax unified
 291              		.thumb
 292              		.thumb_func
 293              		.fpu softvfp
 295              	TIM1_BRK_IRQHandler:
 296              	.LFB77:
 224:Src/stm32f1xx_it.c **** 
 225:Src/stm32f1xx_it.c **** /**
 226:Src/stm32f1xx_it.c **** * @brief This function handles TIM1 break interrupt.
 227:Src/stm32f1xx_it.c **** */
 228:Src/stm32f1xx_it.c **** void TIM1_BRK_IRQHandler(void)
 229:Src/stm32f1xx_it.c **** {
 297              		.loc 1 229 1 is_stmt 1 view -0
 298              		.cfi_startproc
 299              		@ args = 0, pretend = 0, frame = 0
 300              		@ frame_needed = 0, uses_anonymous_args = 0
 301 0000 08B5     		push	{r3, lr}
 302              	.LCFI3:
 303              		.cfi_def_cfa_offset 8
ARM GAS  C:\Users\Marcin\AppData\Local\Temp\ccigrAPA.s 			page 10


 304              		.cfi_offset 3, -8
 305              		.cfi_offset 14, -4
 230:Src/stm32f1xx_it.c ****   /* USER CODE BEGIN TIM1_BRK_IRQn 0 */
 231:Src/stm32f1xx_it.c **** 
 232:Src/stm32f1xx_it.c ****   /* USER CODE END TIM1_BRK_IRQn 0 */
 233:Src/stm32f1xx_it.c ****   HAL_TIM_IRQHandler(&htim1);
 306              		.loc 1 233 3 view .LVU36
 307 0002 0248     		ldr	r0, .L23
 308 0004 FFF7FEFF 		bl	HAL_TIM_IRQHandler
 309              	.LVL5:
 234:Src/stm32f1xx_it.c ****   /* USER CODE BEGIN TIM1_BRK_IRQn 1 */
 235:Src/stm32f1xx_it.c **** 
 236:Src/stm32f1xx_it.c ****   /* USER CODE END TIM1_BRK_IRQn 1 */
 237:Src/stm32f1xx_it.c **** }
 310              		.loc 1 237 1 is_stmt 0 view .LVU37
 311 0008 08BD     		pop	{r3, pc}
 312              	.L24:
 313 000a 00BF     		.align	2
 314              	.L23:
 315 000c 00000000 		.word	htim1
 316              		.cfi_endproc
 317              	.LFE77:
 319              		.section	.text.TIM1_UP_IRQHandler,"ax",%progbits
 320              		.align	1
 321              		.global	TIM1_UP_IRQHandler
 322              		.syntax unified
 323              		.thumb
 324              		.thumb_func
 325              		.fpu softvfp
 327              	TIM1_UP_IRQHandler:
 328              	.LFB78:
 238:Src/stm32f1xx_it.c **** 
 239:Src/stm32f1xx_it.c **** /**
 240:Src/stm32f1xx_it.c **** * @brief This function handles TIM1 update interrupt.
 241:Src/stm32f1xx_it.c **** */
 242:Src/stm32f1xx_it.c **** void TIM1_UP_IRQHandler(void)
 243:Src/stm32f1xx_it.c **** {
 329              		.loc 1 243 1 is_stmt 1 view -0
 330              		.cfi_startproc
 331              		@ args = 0, pretend = 0, frame = 0
 332              		@ frame_needed = 0, uses_anonymous_args = 0
 333 0000 08B5     		push	{r3, lr}
 334              	.LCFI4:
 335              		.cfi_def_cfa_offset 8
 336              		.cfi_offset 3, -8
 337              		.cfi_offset 14, -4
 244:Src/stm32f1xx_it.c ****   /* USER CODE BEGIN TIM1_UP_IRQn 0 */
 245:Src/stm32f1xx_it.c **** 
 246:Src/stm32f1xx_it.c ****   /* USER CODE END TIM1_UP_IRQn 0 */
 247:Src/stm32f1xx_it.c ****   HAL_TIM_IRQHandler(&htim1);
 338              		.loc 1 247 3 view .LVU39
 339 0002 0248     		ldr	r0, .L27
 340 0004 FFF7FEFF 		bl	HAL_TIM_IRQHandler
 341              	.LVL6:
 248:Src/stm32f1xx_it.c ****   /* USER CODE BEGIN TIM1_UP_IRQn 1 */
 249:Src/stm32f1xx_it.c **** 
 250:Src/stm32f1xx_it.c ****   /* USER CODE END TIM1_UP_IRQn 1 */
ARM GAS  C:\Users\Marcin\AppData\Local\Temp\ccigrAPA.s 			page 11


 251:Src/stm32f1xx_it.c **** }
 342              		.loc 1 251 1 is_stmt 0 view .LVU40
 343 0008 08BD     		pop	{r3, pc}
 344              	.L28:
 345 000a 00BF     		.align	2
 346              	.L27:
 347 000c 00000000 		.word	htim1
 348              		.cfi_endproc
 349              	.LFE78:
 351              		.section	.text.TIM1_TRG_COM_IRQHandler,"ax",%progbits
 352              		.align	1
 353              		.global	TIM1_TRG_COM_IRQHandler
 354              		.syntax unified
 355              		.thumb
 356              		.thumb_func
 357              		.fpu softvfp
 359              	TIM1_TRG_COM_IRQHandler:
 360              	.LFB79:
 252:Src/stm32f1xx_it.c **** 
 253:Src/stm32f1xx_it.c **** /**
 254:Src/stm32f1xx_it.c **** * @brief This function handles TIM1 trigger and commutation interrupts.
 255:Src/stm32f1xx_it.c **** */
 256:Src/stm32f1xx_it.c **** void TIM1_TRG_COM_IRQHandler(void)
 257:Src/stm32f1xx_it.c **** {
 361              		.loc 1 257 1 is_stmt 1 view -0
 362              		.cfi_startproc
 363              		@ args = 0, pretend = 0, frame = 0
 364              		@ frame_needed = 0, uses_anonymous_args = 0
 365 0000 08B5     		push	{r3, lr}
 366              	.LCFI5:
 367              		.cfi_def_cfa_offset 8
 368              		.cfi_offset 3, -8
 369              		.cfi_offset 14, -4
 258:Src/stm32f1xx_it.c ****   /* USER CODE BEGIN TIM1_TRG_COM_IRQn 0 */
 259:Src/stm32f1xx_it.c **** 
 260:Src/stm32f1xx_it.c ****   /* USER CODE END TIM1_TRG_COM_IRQn 0 */
 261:Src/stm32f1xx_it.c ****   HAL_TIM_IRQHandler(&htim1);
 370              		.loc 1 261 3 view .LVU42
 371 0002 0248     		ldr	r0, .L31
 372 0004 FFF7FEFF 		bl	HAL_TIM_IRQHandler
 373              	.LVL7:
 262:Src/stm32f1xx_it.c ****   /* USER CODE BEGIN TIM1_TRG_COM_IRQn 1 */
 263:Src/stm32f1xx_it.c **** 
 264:Src/stm32f1xx_it.c ****   /* USER CODE END TIM1_TRG_COM_IRQn 1 */
 265:Src/stm32f1xx_it.c **** }
 374              		.loc 1 265 1 is_stmt 0 view .LVU43
 375 0008 08BD     		pop	{r3, pc}
 376              	.L32:
 377 000a 00BF     		.align	2
 378              	.L31:
 379 000c 00000000 		.word	htim1
 380              		.cfi_endproc
 381              	.LFE79:
 383              		.section	.text.TIM1_CC_IRQHandler,"ax",%progbits
 384              		.align	1
 385              		.global	TIM1_CC_IRQHandler
 386              		.syntax unified
ARM GAS  C:\Users\Marcin\AppData\Local\Temp\ccigrAPA.s 			page 12


 387              		.thumb
 388              		.thumb_func
 389              		.fpu softvfp
 391              	TIM1_CC_IRQHandler:
 392              	.LFB80:
 266:Src/stm32f1xx_it.c **** 
 267:Src/stm32f1xx_it.c **** /**
 268:Src/stm32f1xx_it.c **** * @brief This function handles TIM1 capture compare interrupt.
 269:Src/stm32f1xx_it.c **** */
 270:Src/stm32f1xx_it.c **** void TIM1_CC_IRQHandler(void)
 271:Src/stm32f1xx_it.c **** {
 393              		.loc 1 271 1 is_stmt 1 view -0
 394              		.cfi_startproc
 395              		@ args = 0, pretend = 0, frame = 0
 396              		@ frame_needed = 0, uses_anonymous_args = 0
 397 0000 08B5     		push	{r3, lr}
 398              	.LCFI6:
 399              		.cfi_def_cfa_offset 8
 400              		.cfi_offset 3, -8
 401              		.cfi_offset 14, -4
 272:Src/stm32f1xx_it.c ****   /* USER CODE BEGIN TIM1_CC_IRQn 0 */
 273:Src/stm32f1xx_it.c **** 
 274:Src/stm32f1xx_it.c ****   /* USER CODE END TIM1_CC_IRQn 0 */
 275:Src/stm32f1xx_it.c ****   HAL_TIM_IRQHandler(&htim1);
 402              		.loc 1 275 3 view .LVU45
 403 0002 0248     		ldr	r0, .L35
 404 0004 FFF7FEFF 		bl	HAL_TIM_IRQHandler
 405              	.LVL8:
 276:Src/stm32f1xx_it.c ****   /* USER CODE BEGIN TIM1_CC_IRQn 1 */
 277:Src/stm32f1xx_it.c **** 
 278:Src/stm32f1xx_it.c ****   /* USER CODE END TIM1_CC_IRQn 1 */
 279:Src/stm32f1xx_it.c **** }
 406              		.loc 1 279 1 is_stmt 0 view .LVU46
 407 0008 08BD     		pop	{r3, pc}
 408              	.L36:
 409 000a 00BF     		.align	2
 410              	.L35:
 411 000c 00000000 		.word	htim1
 412              		.cfi_endproc
 413              	.LFE80:
 415              		.section	.text.EXTI15_10_IRQHandler,"ax",%progbits
 416              		.align	1
 417              		.global	EXTI15_10_IRQHandler
 418              		.syntax unified
 419              		.thumb
 420              		.thumb_func
 421              		.fpu softvfp
 423              	EXTI15_10_IRQHandler:
 424              	.LFB81:
 280:Src/stm32f1xx_it.c **** 
 281:Src/stm32f1xx_it.c **** /**
 282:Src/stm32f1xx_it.c **** * @brief This function handles EXTI line[15:10] interrupts.
 283:Src/stm32f1xx_it.c **** */
 284:Src/stm32f1xx_it.c **** void EXTI15_10_IRQHandler(void)
 285:Src/stm32f1xx_it.c **** {
 425              		.loc 1 285 1 is_stmt 1 view -0
 426              		.cfi_startproc
ARM GAS  C:\Users\Marcin\AppData\Local\Temp\ccigrAPA.s 			page 13


 427              		@ args = 0, pretend = 0, frame = 0
 428              		@ frame_needed = 0, uses_anonymous_args = 0
 429 0000 08B5     		push	{r3, lr}
 430              	.LCFI7:
 431              		.cfi_def_cfa_offset 8
 432              		.cfi_offset 3, -8
 433              		.cfi_offset 14, -4
 286:Src/stm32f1xx_it.c ****   /* USER CODE BEGIN EXTI15_10_IRQn 0 */
 287:Src/stm32f1xx_it.c **** 
 288:Src/stm32f1xx_it.c ****   /* USER CODE END EXTI15_10_IRQn 0 */
 289:Src/stm32f1xx_it.c ****   HAL_GPIO_EXTI_IRQHandler(GPIO_PIN_13);
 434              		.loc 1 289 3 view .LVU48
 435 0002 4FF40050 		mov	r0, #8192
 436 0006 FFF7FEFF 		bl	HAL_GPIO_EXTI_IRQHandler
 437              	.LVL9:
 290:Src/stm32f1xx_it.c ****   /* USER CODE BEGIN EXTI15_10_IRQn 1 */
 291:Src/stm32f1xx_it.c **** 
 292:Src/stm32f1xx_it.c ****   /* USER CODE END EXTI15_10_IRQn 1 */
 293:Src/stm32f1xx_it.c **** }
 438              		.loc 1 293 1 is_stmt 0 view .LVU49
 439 000a 08BD     		pop	{r3, pc}
 440              		.cfi_endproc
 441              	.LFE81:
 443              		.text
 444              	.Letext0:
 445              		.file 2 "g:\\program files (x86)\\gnu tools arm embedded\\9 2019-q4-major\\arm-none-eabi\\include\
 446              		.file 3 "g:\\program files (x86)\\gnu tools arm embedded\\9 2019-q4-major\\arm-none-eabi\\include\
 447              		.file 4 "Drivers/CMSIS/Include/core_cm3.h"
 448              		.file 5 "Drivers/CMSIS/Device/ST/STM32F1xx/Include/system_stm32f1xx.h"
 449              		.file 6 "Drivers/CMSIS/Device/ST/STM32F1xx/Include/stm32f103xb.h"
 450              		.file 7 "g:\\program files (x86)\\gnu tools arm embedded\\9 2019-q4-major\\arm-none-eabi\\include\
 451              		.file 8 "g:\\program files (x86)\\gnu tools arm embedded\\9 2019-q4-major\\arm-none-eabi\\include\
 452              		.file 9 "g:\\program files (x86)\\gnu tools arm embedded\\9 2019-q4-major\\lib\\gcc\\arm-none-eabi
 453              		.file 10 "g:\\program files (x86)\\gnu tools arm embedded\\9 2019-q4-major\\arm-none-eabi\\include
 454              		.file 11 "Drivers/STM32F1xx_HAL_Driver/Inc/stm32f1xx_hal_def.h"
 455              		.file 12 "Drivers/STM32F1xx_HAL_Driver/Inc/stm32f1xx_hal_dma.h"
 456              		.file 13 "Drivers/STM32F1xx_HAL_Driver/Inc/stm32f1xx_hal_rtc.h"
 457              		.file 14 "Drivers/STM32F1xx_HAL_Driver/Inc/stm32f1xx_hal_tim.h"
 458              		.file 15 "Drivers/STM32F1xx_HAL_Driver/Inc/stm32f1xx_hal_gpio.h"
 459              		.file 16 "Drivers/STM32F1xx_HAL_Driver/Inc/stm32f1xx_hal_rtc_ex.h"
 460              		.file 17 "Drivers/STM32F1xx_HAL_Driver/Inc/stm32f1xx_hal.h"
 461              		.file 18 "Drivers/STM32F1xx_HAL_Driver/Inc/stm32f1xx_hal_cortex.h"
ARM GAS  C:\Users\Marcin\AppData\Local\Temp\ccigrAPA.s 			page 14


DEFINED SYMBOLS
                            *ABS*:00000000 stm32f1xx_it.c
C:\Users\Marcin\AppData\Local\Temp\ccigrAPA.s:16     .text.NMI_Handler:00000000 $t
C:\Users\Marcin\AppData\Local\Temp\ccigrAPA.s:24     .text.NMI_Handler:00000000 NMI_Handler
C:\Users\Marcin\AppData\Local\Temp\ccigrAPA.s:38     .text.HardFault_Handler:00000000 $t
C:\Users\Marcin\AppData\Local\Temp\ccigrAPA.s:45     .text.HardFault_Handler:00000000 HardFault_Handler
C:\Users\Marcin\AppData\Local\Temp\ccigrAPA.s:62     .text.MemManage_Handler:00000000 $t
C:\Users\Marcin\AppData\Local\Temp\ccigrAPA.s:69     .text.MemManage_Handler:00000000 MemManage_Handler
C:\Users\Marcin\AppData\Local\Temp\ccigrAPA.s:86     .text.BusFault_Handler:00000000 $t
C:\Users\Marcin\AppData\Local\Temp\ccigrAPA.s:93     .text.BusFault_Handler:00000000 BusFault_Handler
C:\Users\Marcin\AppData\Local\Temp\ccigrAPA.s:110    .text.UsageFault_Handler:00000000 $t
C:\Users\Marcin\AppData\Local\Temp\ccigrAPA.s:117    .text.UsageFault_Handler:00000000 UsageFault_Handler
C:\Users\Marcin\AppData\Local\Temp\ccigrAPA.s:134    .text.SVC_Handler:00000000 $t
C:\Users\Marcin\AppData\Local\Temp\ccigrAPA.s:141    .text.SVC_Handler:00000000 SVC_Handler
C:\Users\Marcin\AppData\Local\Temp\ccigrAPA.s:154    .text.DebugMon_Handler:00000000 $t
C:\Users\Marcin\AppData\Local\Temp\ccigrAPA.s:161    .text.DebugMon_Handler:00000000 DebugMon_Handler
C:\Users\Marcin\AppData\Local\Temp\ccigrAPA.s:174    .text.PendSV_Handler:00000000 $t
C:\Users\Marcin\AppData\Local\Temp\ccigrAPA.s:181    .text.PendSV_Handler:00000000 PendSV_Handler
C:\Users\Marcin\AppData\Local\Temp\ccigrAPA.s:194    .text.SysTick_Handler:00000000 $t
C:\Users\Marcin\AppData\Local\Temp\ccigrAPA.s:201    .text.SysTick_Handler:00000000 SysTick_Handler
C:\Users\Marcin\AppData\Local\Temp\ccigrAPA.s:224    .text.RTC_IRQHandler:00000000 $t
C:\Users\Marcin\AppData\Local\Temp\ccigrAPA.s:231    .text.RTC_IRQHandler:00000000 RTC_IRQHandler
C:\Users\Marcin\AppData\Local\Temp\ccigrAPA.s:251    .text.RTC_IRQHandler:0000000c $d
C:\Users\Marcin\AppData\Local\Temp\ccigrAPA.s:256    .text.EXTI9_5_IRQHandler:00000000 $t
C:\Users\Marcin\AppData\Local\Temp\ccigrAPA.s:263    .text.EXTI9_5_IRQHandler:00000000 EXTI9_5_IRQHandler
C:\Users\Marcin\AppData\Local\Temp\ccigrAPA.s:288    .text.TIM1_BRK_IRQHandler:00000000 $t
C:\Users\Marcin\AppData\Local\Temp\ccigrAPA.s:295    .text.TIM1_BRK_IRQHandler:00000000 TIM1_BRK_IRQHandler
C:\Users\Marcin\AppData\Local\Temp\ccigrAPA.s:315    .text.TIM1_BRK_IRQHandler:0000000c $d
C:\Users\Marcin\AppData\Local\Temp\ccigrAPA.s:320    .text.TIM1_UP_IRQHandler:00000000 $t
C:\Users\Marcin\AppData\Local\Temp\ccigrAPA.s:327    .text.TIM1_UP_IRQHandler:00000000 TIM1_UP_IRQHandler
C:\Users\Marcin\AppData\Local\Temp\ccigrAPA.s:347    .text.TIM1_UP_IRQHandler:0000000c $d
C:\Users\Marcin\AppData\Local\Temp\ccigrAPA.s:352    .text.TIM1_TRG_COM_IRQHandler:00000000 $t
C:\Users\Marcin\AppData\Local\Temp\ccigrAPA.s:359    .text.TIM1_TRG_COM_IRQHandler:00000000 TIM1_TRG_COM_IRQHandler
C:\Users\Marcin\AppData\Local\Temp\ccigrAPA.s:379    .text.TIM1_TRG_COM_IRQHandler:0000000c $d
C:\Users\Marcin\AppData\Local\Temp\ccigrAPA.s:384    .text.TIM1_CC_IRQHandler:00000000 $t
C:\Users\Marcin\AppData\Local\Temp\ccigrAPA.s:391    .text.TIM1_CC_IRQHandler:00000000 TIM1_CC_IRQHandler
C:\Users\Marcin\AppData\Local\Temp\ccigrAPA.s:411    .text.TIM1_CC_IRQHandler:0000000c $d
C:\Users\Marcin\AppData\Local\Temp\ccigrAPA.s:416    .text.EXTI15_10_IRQHandler:00000000 $t
C:\Users\Marcin\AppData\Local\Temp\ccigrAPA.s:423    .text.EXTI15_10_IRQHandler:00000000 EXTI15_10_IRQHandler

UNDEFINED SYMBOLS
HAL_IncTick
HAL_SYSTICK_IRQHandler
HAL_RTCEx_RTCIRQHandler
hrtc
HAL_GPIO_EXTI_IRQHandler
HAL_TIM_IRQHandler
htim1
